;  LST file generated by mikroListExporter - v.2.0 
; Date/Time: 15/08/2016 11:46:42
;----------------------------------------------

;Address Opcode 	ASM
____SysVT:
0x9FC01180	0x0B4002AC  J	___GenExcept
0x9FC01184	0x70000000  NOP	
0x9FC01188	0x70000000  NOP	
0x9FC0118C	0x70000000  NOP	
0x9FC01190	0x70000000  NOP	
0x9FC01194	0x70000000  NOP	
0x9FC01198	0x70000000  NOP	
0x9FC0119C	0x70000000  NOP	
0x9FC011A0	0x70000000  NOP	
0x9FC011A4	0x70000000  NOP	
0x9FC011A8	0x70000000  NOP	
0x9FC011AC	0x70000000  NOP	
0x9FC011B0	0x70000000  NOP	
0x9FC011B4	0x70000000  NOP	
0x9FC011B8	0x70000000  NOP	
0x9FC011BC	0x70000000  NOP	
0x9FC011C0	0x70000000  NOP	
0x9FC011C4	0x70000000  NOP	
0x9FC011C8	0x70000000  NOP	
0x9FC011CC	0x70000000  NOP	
0x9FC011D0	0x70000000  NOP	
0x9FC011D4	0x70000000  NOP	
0x9FC011D8	0x70000000  NOP	
0x9FC011DC	0x70000000  NOP	
0x9FC011E0	0x70000000  NOP	
0x9FC011E4	0x70000000  NOP	
0x9FC011E8	0x70000000  NOP	
0x9FC011EC	0x70000000  NOP	
0x9FC011F0	0x70000000  NOP	
0x9FC011F4	0x70000000  NOP	
0x9FC011F8	0x70000000  NOP	
0x9FC011FC	0x70000000  NOP	
0x9FC01200	0x0B4002B2  J	_main
0x9FC01204	0x70000000  NOP	
0x9FC01208	0x70000000  NOP	
0x9FC0120C	0x70000000  NOP	
0x9FC01210	0x70000000  NOP	
0x9FC01214	0x70000000  NOP	
0x9FC01218	0x70000000  NOP	
0x9FC0121C	0x70000000  NOP	
0x9FC01220	0x0B4002B2  J	_main
0x9FC01224	0x70000000  NOP	
0x9FC01228	0x70000000  NOP	
0x9FC0122C	0x70000000  NOP	
0x9FC01230	0x70000000  NOP	
0x9FC01234	0x70000000  NOP	
0x9FC01238	0x70000000  NOP	
0x9FC0123C	0x70000000  NOP	
0x9FC01240	0x0B4002B2  J	_main
0x9FC01244	0x70000000  NOP	
0x9FC01248	0x70000000  NOP	
0x9FC0124C	0x70000000  NOP	
0x9FC01250	0x70000000  NOP	
0x9FC01254	0x70000000  NOP	
0x9FC01258	0x70000000  NOP	
0x9FC0125C	0x70000000  NOP	
0x9FC01260	0x0B4002B2  J	_main
0x9FC01264	0x70000000  NOP	
0x9FC01268	0x70000000  NOP	
0x9FC0126C	0x70000000  NOP	
0x9FC01270	0x70000000  NOP	
0x9FC01274	0x70000000  NOP	
0x9FC01278	0x70000000  NOP	
0x9FC0127C	0x70000000  NOP	
0x9FC01280	0x0B400287  J	_Timer1Interrupt
0x9FC01284	0x70000000  NOP	
0x9FC01288	0x70000000  NOP	
0x9FC0128C	0x70000000  NOP	
0x9FC01290	0x70000000  NOP	
0x9FC01294	0x70000000  NOP	
0x9FC01298	0x70000000  NOP	
0x9FC0129C	0x70000000  NOP	
0x9FC012A0	0x0B4002B2  J	_main
0x9FC012A4	0x70000000  NOP	
0x9FC012A8	0x70000000  NOP	
0x9FC012AC	0x70000000  NOP	
0x9FC012B0	0x70000000  NOP	
0x9FC012B4	0x70000000  NOP	
0x9FC012B8	0x70000000  NOP	
0x9FC012BC	0x70000000  NOP	
0x9FC012C0	0x0B4002B2  J	_main
0x9FC012C4	0x70000000  NOP	
0x9FC012C8	0x70000000  NOP	
0x9FC012CC	0x70000000  NOP	
0x9FC012D0	0x70000000  NOP	
0x9FC012D4	0x70000000  NOP	
0x9FC012D8	0x70000000  NOP	
0x9FC012DC	0x70000000  NOP	
0x9FC012E0	0x0B4002B2  J	_main
0x9FC012E4	0x70000000  NOP	
0x9FC012E8	0x70000000  NOP	
0x9FC012EC	0x70000000  NOP	
0x9FC012F0	0x70000000  NOP	
0x9FC012F4	0x70000000  NOP	
0x9FC012F8	0x70000000  NOP	
0x9FC012FC	0x70000000  NOP	
0x9FC01300	0x0B4002B2  J	_main
0x9FC01304	0x70000000  NOP	
0x9FC01308	0x70000000  NOP	
0x9FC0130C	0x70000000  NOP	
0x9FC01310	0x70000000  NOP	
0x9FC01314	0x70000000  NOP	
0x9FC01318	0x70000000  NOP	
0x9FC0131C	0x70000000  NOP	
0x9FC01320	0x0B4002B2  J	_main
0x9FC01324	0x70000000  NOP	
0x9FC01328	0x70000000  NOP	
0x9FC0132C	0x70000000  NOP	
0x9FC01330	0x70000000  NOP	
0x9FC01334	0x70000000  NOP	
0x9FC01338	0x70000000  NOP	
0x9FC0133C	0x70000000  NOP	
0x9FC01340	0x0B4002B2  J	_main
0x9FC01344	0x70000000  NOP	
0x9FC01348	0x70000000  NOP	
0x9FC0134C	0x70000000  NOP	
0x9FC01350	0x70000000  NOP	
0x9FC01354	0x70000000  NOP	
0x9FC01358	0x70000000  NOP	
0x9FC0135C	0x70000000  NOP	
0x9FC01360	0x0B4002B2  J	_main
0x9FC01364	0x70000000  NOP	
0x9FC01368	0x70000000  NOP	
0x9FC0136C	0x70000000  NOP	
0x9FC01370	0x70000000  NOP	
0x9FC01374	0x70000000  NOP	
0x9FC01378	0x70000000  NOP	
0x9FC0137C	0x70000000  NOP	
0x9FC01380	0x0B4002B2  J	_main
0x9FC01384	0x70000000  NOP	
0x9FC01388	0x70000000  NOP	
0x9FC0138C	0x70000000  NOP	
0x9FC01390	0x70000000  NOP	
0x9FC01394	0x70000000  NOP	
0x9FC01398	0x70000000  NOP	
0x9FC0139C	0x70000000  NOP	
0x9FC013A0	0x0B4002B2  J	_main
0x9FC013A4	0x70000000  NOP	
0x9FC013A8	0x70000000  NOP	
0x9FC013AC	0x70000000  NOP	
0x9FC013B0	0x70000000  NOP	
0x9FC013B4	0x70000000  NOP	
0x9FC013B8	0x70000000  NOP	
0x9FC013BC	0x70000000  NOP	
0x9FC013C0	0x0B4002B2  J	_main
0x9FC013C4	0x70000000  NOP	
0x9FC013C8	0x70000000  NOP	
0x9FC013CC	0x70000000  NOP	
0x9FC013D0	0x70000000  NOP	
0x9FC013D4	0x70000000  NOP	
0x9FC013D8	0x70000000  NOP	
0x9FC013DC	0x70000000  NOP	
0x9FC013E0	0x0B4002B2  J	_main
0x9FC013E4	0x70000000  NOP	
0x9FC013E8	0x70000000  NOP	
0x9FC013EC	0x70000000  NOP	
0x9FC013F0	0x70000000  NOP	
0x9FC013F4	0x70000000  NOP	
0x9FC013F8	0x70000000  NOP	
0x9FC013FC	0x70000000  NOP	
0x9FC01400	0x0B4002B2  J	_main
0x9FC01404	0x70000000  NOP	
0x9FC01408	0x70000000  NOP	
0x9FC0140C	0x70000000  NOP	
0x9FC01410	0x70000000  NOP	
0x9FC01414	0x70000000  NOP	
0x9FC01418	0x70000000  NOP	
0x9FC0141C	0x70000000  NOP	
0x9FC01420	0x0B4002B2  J	_main
0x9FC01424	0x70000000  NOP	
0x9FC01428	0x70000000  NOP	
0x9FC0142C	0x70000000  NOP	
0x9FC01430	0x70000000  NOP	
0x9FC01434	0x70000000  NOP	
0x9FC01438	0x70000000  NOP	
0x9FC0143C	0x70000000  NOP	
0x9FC01440	0x0B4002B2  J	_main
0x9FC01444	0x70000000  NOP	
0x9FC01448	0x70000000  NOP	
0x9FC0144C	0x70000000  NOP	
0x9FC01450	0x70000000  NOP	
0x9FC01454	0x70000000  NOP	
0x9FC01458	0x70000000  NOP	
0x9FC0145C	0x70000000  NOP	
0x9FC01460	0x0B4002B2  J	_main
0x9FC01464	0x70000000  NOP	
0x9FC01468	0x70000000  NOP	
0x9FC0146C	0x70000000  NOP	
0x9FC01470	0x70000000  NOP	
0x9FC01474	0x70000000  NOP	
0x9FC01478	0x70000000  NOP	
0x9FC0147C	0x70000000  NOP	
0x9FC01480	0x0B4002B2  J	_main
0x9FC01484	0x70000000  NOP	
0x9FC01488	0x70000000  NOP	
0x9FC0148C	0x70000000  NOP	
0x9FC01490	0x70000000  NOP	
0x9FC01494	0x70000000  NOP	
0x9FC01498	0x70000000  NOP	
0x9FC0149C	0x70000000  NOP	
0x9FC014A0	0x0B4002B2  J	_main
0x9FC014A4	0x70000000  NOP	
0x9FC014A8	0x70000000  NOP	
0x9FC014AC	0x70000000  NOP	
0x9FC014B0	0x70000000  NOP	
0x9FC014B4	0x70000000  NOP	
0x9FC014B8	0x70000000  NOP	
0x9FC014BC	0x70000000  NOP	
0x9FC014C0	0x0B4002B2  J	_main
0x9FC014C4	0x70000000  NOP	
0x9FC014C8	0x70000000  NOP	
0x9FC014CC	0x70000000  NOP	
0x9FC014D0	0x70000000  NOP	
0x9FC014D4	0x70000000  NOP	
0x9FC014D8	0x70000000  NOP	
0x9FC014DC	0x70000000  NOP	
0x9FC014E0	0x0B4002B2  J	_main
0x9FC014E4	0x70000000  NOP	
0x9FC014E8	0x70000000  NOP	
0x9FC014EC	0x70000000  NOP	
0x9FC014F0	0x70000000  NOP	
0x9FC014F4	0x70000000  NOP	
0x9FC014F8	0x70000000  NOP	
0x9FC014FC	0x70000000  NOP	
0x9FC01500	0x0B4002B2  J	_main
0x9FC01504	0x70000000  NOP	
0x9FC01508	0x70000000  NOP	
0x9FC0150C	0x70000000  NOP	
0x9FC01510	0x70000000  NOP	
0x9FC01514	0x70000000  NOP	
0x9FC01518	0x70000000  NOP	
0x9FC0151C	0x70000000  NOP	
0x9FC01520	0x0B4002B2  J	_main
0x9FC01524	0x70000000  NOP	
0x9FC01528	0x70000000  NOP	
0x9FC0152C	0x70000000  NOP	
0x9FC01530	0x70000000  NOP	
0x9FC01534	0x70000000  NOP	
0x9FC01538	0x70000000  NOP	
0x9FC0153C	0x70000000  NOP	
0x9FC01540	0x0B4002B2  J	_main
0x9FC01544	0x70000000  NOP	
0x9FC01548	0x70000000  NOP	
0x9FC0154C	0x70000000  NOP	
0x9FC01550	0x70000000  NOP	
0x9FC01554	0x70000000  NOP	
0x9FC01558	0x70000000  NOP	
0x9FC0155C	0x70000000  NOP	
0x9FC01560	0x0B4001B8  J	_ADC_complete
0x9FC01564	0x70000000  NOP	
0x9FC01568	0x70000000  NOP	
0x9FC0156C	0x70000000  NOP	
0x9FC01570	0x70000000  NOP	
0x9FC01574	0x70000000  NOP	
0x9FC01578	0x70000000  NOP	
0x9FC0157C	0x70000000  NOP	
0x9FC01580	0x0B4002B2  J	_main
0x9FC01584	0x70000000  NOP	
0x9FC01588	0x70000000  NOP	
0x9FC0158C	0x70000000  NOP	
0x9FC01590	0x70000000  NOP	
0x9FC01594	0x70000000  NOP	
0x9FC01598	0x70000000  NOP	
0x9FC0159C	0x70000000  NOP	
0x9FC015A0	0x0B4002B2  J	_main
0x9FC015A4	0x70000000  NOP	
0x9FC015A8	0x70000000  NOP	
0x9FC015AC	0x70000000  NOP	
0x9FC015B0	0x70000000  NOP	
0x9FC015B4	0x70000000  NOP	
0x9FC015B8	0x70000000  NOP	
0x9FC015BC	0x70000000  NOP	
0x9FC015C0	0x0B4002B2  J	_main
0x9FC015C4	0x70000000  NOP	
0x9FC015C8	0x70000000  NOP	
0x9FC015CC	0x70000000  NOP	
0x9FC015D0	0x70000000  NOP	
0x9FC015D4	0x70000000  NOP	
0x9FC015D8	0x70000000  NOP	
0x9FC015DC	0x70000000  NOP	
0x9FC015E0	0x0B4002B2  J	_main
0x9FC015E4	0x70000000  NOP	
0x9FC015E8	0x70000000  NOP	
0x9FC015EC	0x70000000  NOP	
0x9FC015F0	0x70000000  NOP	
0x9FC015F4	0x70000000  NOP	
0x9FC015F8	0x70000000  NOP	
0x9FC015FC	0x70000000  NOP	
0x9FC01600	0x0B4002B2  J	_main
0x9FC01604	0x70000000  NOP	
0x9FC01608	0x70000000  NOP	
0x9FC0160C	0x70000000  NOP	
0x9FC01610	0x70000000  NOP	
0x9FC01614	0x70000000  NOP	
0x9FC01618	0x70000000  NOP	
0x9FC0161C	0x70000000  NOP	
0x9FC01620	0x0B4002B2  J	_main
0x9FC01624	0x70000000  NOP	
0x9FC01628	0x70000000  NOP	
0x9FC0162C	0x70000000  NOP	
0x9FC01630	0x70000000  NOP	
0x9FC01634	0x70000000  NOP	
0x9FC01638	0x70000000  NOP	
0x9FC0163C	0x70000000  NOP	
0x9FC01640	0x0B4002B2  J	_main
0x9FC01644	0x70000000  NOP	
0x9FC01648	0x70000000  NOP	
0x9FC0164C	0x70000000  NOP	
0x9FC01650	0x70000000  NOP	
0x9FC01654	0x70000000  NOP	
0x9FC01658	0x70000000  NOP	
0x9FC0165C	0x70000000  NOP	
0x9FC01660	0x0B4002B2  J	_main
0x9FC01664	0x70000000  NOP	
0x9FC01668	0x70000000  NOP	
0x9FC0166C	0x70000000  NOP	
0x9FC01670	0x70000000  NOP	
0x9FC01674	0x70000000  NOP	
0x9FC01678	0x70000000  NOP	
0x9FC0167C	0x70000000  NOP	
0x9FC01680	0x0B4002B2  J	_main
0x9FC01684	0x70000000  NOP	
0x9FC01688	0x70000000  NOP	
0x9FC0168C	0x70000000  NOP	
0x9FC01690	0x70000000  NOP	
0x9FC01694	0x70000000  NOP	
0x9FC01698	0x70000000  NOP	
0x9FC0169C	0x70000000  NOP	
0x9FC016A0	0x0B4002B2  J	_main
0x9FC016A4	0x70000000  NOP	
0x9FC016A8	0x70000000  NOP	
0x9FC016AC	0x70000000  NOP	
0x9FC016B0	0x70000000  NOP	
0x9FC016B4	0x70000000  NOP	
0x9FC016B8	0x70000000  NOP	
0x9FC016BC	0x70000000  NOP	
0x9FC016C0	0x0B4002B2  J	_main
0x9FC016C4	0x70000000  NOP	
0x9FC016C8	0x70000000  NOP	
0x9FC016CC	0x70000000  NOP	
0x9FC016D0	0x70000000  NOP	
0x9FC016D4	0x70000000  NOP	
0x9FC016D8	0x70000000  NOP	
0x9FC016DC	0x70000000  NOP	
0x9FC016E0	0x0B4002B2  J	_main
0x9FC016E4	0x70000000  NOP	
0x9FC016E8	0x70000000  NOP	
0x9FC016EC	0x70000000  NOP	
0x9FC016F0	0x70000000  NOP	
0x9FC016F4	0x70000000  NOP	
0x9FC016F8	0x70000000  NOP	
0x9FC016FC	0x70000000  NOP	
0x9FC01700	0x70000000  NOP	
0x9FC01704	0x70000000  NOP	
0x9FC01708	0x70000000  NOP	
0x9FC0170C	0x70000000  NOP	
0x9FC01710	0x70000000  NOP	
0x9FC01714	0x70000000  NOP	
0x9FC01718	0x70000000  NOP	
0x9FC0171C	0x70000000  NOP	
0x9FC01720	0x70000000  NOP	
0x9FC01724	0x70000000  NOP	
0x9FC01728	0x70000000  NOP	
0x9FC0172C	0x70000000  NOP	
0x9FC01730	0x70000000  NOP	
0x9FC01734	0x70000000  NOP	
0x9FC01738	0x70000000  NOP	
0x9FC0173C	0x70000000  NOP	
0x9FC01740	0x70000000  NOP	
0x9FC01744	0x70000000  NOP	
0x9FC01748	0x70000000  NOP	
0x9FC0174C	0x70000000  NOP	
0x9FC01750	0x70000000  NOP	
0x9FC01754	0x70000000  NOP	
0x9FC01758	0x70000000  NOP	
0x9FC0175C	0x70000000  NOP	
0x9FC01760	0x70000000  NOP	
0x9FC01764	0x70000000  NOP	
0x9FC01768	0x70000000  NOP	
0x9FC0176C	0x70000000  NOP	
0x9FC01770	0x70000000  NOP	
0x9FC01774	0x70000000  NOP	
0x9FC01778	0x70000000  NOP	
0x9FC0177C	0x70000000  NOP	
0x9FC01780	0x0B4002B2  J	_main
0x9FC01784	0x70000000  NOP	
0x9FC01788	0x70000000  NOP	
0x9FC0178C	0x70000000  NOP	
0x9FC01790	0x70000000  NOP	
0x9FC01794	0x70000000  NOP	
0x9FC01798	0x70000000  NOP	
0x9FC0179C	0x70000000  NOP	
0x9FC017A0	0x0B4002B2  J	_main
0x9FC017A4	0x70000000  NOP	
; end of ____SysVT
____BootVT:
0xBFC00380	0x3C1E9D00  LUI	R30, 40192
0xBFC00384	0x37DE0B2C  ORI	R30, R30, 2860
0xBFC00388	0x03C00008  JR	R30
0xBFC0038C	0x70000000  NOP	
; end of ____BootVT
_main:
;ultrazvuk+gtqph3inputs.c, 161 :: 		void main() {
;ultrazvuk+gtqph3inputs.c, 162 :: 		TRISA2_bit = 0;
0x9D000AC8	0x34020004  ORI	R2, R0, 0x0004
0x9D000ACC	0x3C1EBF88  LUI	R30, 49032
0x9D000AD0	0xA3C26004  SB	R2, 24580(R30)
;ultrazvuk+gtqph3inputs.c, 163 :: 		LATA2_bit = -1;
0x9D000AD4	0x34020004  ORI	R2, R0, 0x0004
0x9D000AD8	0x3C1EBF88  LUI	R30, 49032
0x9D000ADC	0xA3C26028  SB	R2, 24616(R30)
;ultrazvuk+gtqph3inputs.c, 164 :: 		TRISA3_bit = 0;
0x9D000AE0	0x34020008  ORI	R2, R0, 0x0008
0x9D000AE4	0x3C1EBF88  LUI	R30, 49032
0x9D000AE8	0xA3C26004  SB	R2, 24580(R30)
;ultrazvuk+gtqph3inputs.c, 165 :: 		LATA3_bit = 0;
0x9D000AEC	0x34020008  ORI	R2, R0, 0x0008
0x9D000AF0	0x3C1EBF88  LUI	R30, 49032
;ultrazvuk+gtqph3inputs.c, 166 :: 		InitTimer1();
0x9D000AF4	0x0F400122  JAL	_InitTimer1+0
0x9D000AF8	0xA3C26024  SB	R2, 24612(R30)
;ultrazvuk+gtqph3inputs.c, 167 :: 		InitTimer3();
0x9D000AFC	0x0F400118  JAL	_InitTimer3+0
0x9D000B00	0x70000000  NOP	
;ultrazvuk+gtqph3inputs.c, 168 :: 		EnableInterrupts();
;ultrazvuk+gtqph3inputs.c, 169 :: 		InitADC();
0x9D000B04	0x0F40013B  JAL	_InitADC+0
0x9D000B08	0x417E6020  EI	R30
;ultrazvuk+gtqph3inputs.c, 170 :: 		InitDataSend();
0x9D000B0C	0x0F4001AE  JAL	_InitDataSend+0
0x9D000B10	0x70000000  NOP	
;ultrazvuk+gtqph3inputs.c, 171 :: 		SampleADC();
0x9D000B14	0x0F4001A2  JAL	_SampleADC+0
0x9D000B18	0x70000000  NOP	
;ultrazvuk+gtqph3inputs.c, 172 :: 		SendData();
0x9D000B1C	0x0F4000DE  JAL	_SendData+0
0x9D000B20	0x70000000  NOP	
;ultrazvuk+gtqph3inputs.c, 173 :: 		}
L_end_main:
L__main_end_loop:
0x9D000B24	0x0B4002C9  J	L__main_end_loop
0x9D000B28	0x70000000  NOP	
; end of _main
_InitTimer1:
;ultrazvuk+gtqph3inputs.c, 18 :: 		void InitTimer1(){
;ultrazvuk+gtqph3inputs.c, 19 :: 		T1CON         = 0x8000;
0x9D000488	0x34028000  ORI	R2, R0, 32768
0x9D00048C	0x3C1EBF80  LUI	R30, 49024
0x9D000490	0xAFC20600  SW	R2, 1536(R30)
;ultrazvuk+gtqph3inputs.c, 20 :: 		T1IP0_bit         = 1;
0x9D000494	0x34020004  ORI	R2, R0, 0x0004
0x9D000498	0x3C1EBF88  LUI	R30, 49032
0x9D00049C	0xA3C210A8  SB	R2, 4264(R30)
;ultrazvuk+gtqph3inputs.c, 21 :: 		T1IP1_bit         = 1;
0x9D0004A0	0x34020008  ORI	R2, R0, 0x0008
0x9D0004A4	0x3C1EBF88  LUI	R30, 49032
0x9D0004A8	0xA3C210A8  SB	R2, 4264(R30)
;ultrazvuk+gtqph3inputs.c, 22 :: 		T1IP2_bit         = 1;
0x9D0004AC	0x34020010  ORI	R2, R0, 0x0010
0x9D0004B0	0x3C1EBF88  LUI	R30, 49032
0x9D0004B4	0xA3C210A8  SB	R2, 4264(R30)
;ultrazvuk+gtqph3inputs.c, 23 :: 		T1IF_bit         = 0;
0x9D0004B8	0x34020010  ORI	R2, R0, 0x0010
0x9D0004BC	0x3C1EBF88  LUI	R30, 49032
0x9D0004C0	0xA3C21034  SB	R2, 4148(R30)
;ultrazvuk+gtqph3inputs.c, 24 :: 		T1IE_bit         = 1;
0x9D0004C4	0x34020010  ORI	R2, R0, 0x0010
0x9D0004C8	0x3C1EBF88  LUI	R30, 49032
0x9D0004CC	0xA3C21068  SB	R2, 4200(R30)
;ultrazvuk+gtqph3inputs.c, 25 :: 		PR1             = 1000;
0x9D0004D0	0x340203E8  ORI	R2, R0, 1000
0x9D0004D4	0x3C1EBF80  LUI	R30, 49024
0x9D0004D8	0xAFC20620  SW	R2, 1568(R30)
;ultrazvuk+gtqph3inputs.c, 26 :: 		TMR1                 = 0;
0x9D0004DC	0x3C1EBF80  LUI	R30, 49024
0x9D0004E0	0xAFC00610  SW	R0, 1552(R30)
;ultrazvuk+gtqph3inputs.c, 27 :: 		}
L_end_InitTimer1:
0x9D0004E4	0x03E00008  JR	RA
0x9D0004E8	0x70000000  NOP	
; end of _InitTimer1
_InitTimer3:
;ultrazvuk+gtqph3inputs.c, 28 :: 		void InitTimer3(){
;ultrazvuk+gtqph3inputs.c, 29 :: 		T3CON                 = 0x8000;
0x9D000460	0x34028000  ORI	R2, R0, 32768
0x9D000464	0x3C1EBF80  LUI	R30, 49024
0x9D000468	0xAFC20A00  SW	R2, 2560(R30)
;ultrazvuk+gtqph3inputs.c, 30 :: 		PR3                 = 320;
0x9D00046C	0x34020140  ORI	R2, R0, 320
0x9D000470	0x3C1EBF80  LUI	R30, 49024
0x9D000474	0xAFC20A20  SW	R2, 2592(R30)
;ultrazvuk+gtqph3inputs.c, 31 :: 		TMR3                 = 0;
0x9D000478	0x3C1EBF80  LUI	R30, 49024
0x9D00047C	0xAFC00A10  SW	R0, 2576(R30)
;ultrazvuk+gtqph3inputs.c, 32 :: 		}
L_end_InitTimer3:
0x9D000480	0x03E00008  JR	RA
0x9D000484	0x70000000  NOP	
; end of _InitTimer3
_InitADC:
;ultrazvuk+gtqph3inputs.c, 35 :: 		void InitADC(){
0x9D0004EC	0x27BDFFFC  ADDIU	SP, SP, -4
0x9D0004F0	0xAFBF0000  SW	RA, 0(SP)
;ultrazvuk+gtqph3inputs.c, 36 :: 		AD1CON1.B15 = 0;  //Turn ADC off
0x9D0004F4	0x34028000  ORI	R2, R0, 32768
0x9D0004F8	0x3C1EBF81  LUI	R30, 49025
0x9D0004FC	0xAFC29004  SW	R2, -28668(R30)
;ultrazvuk+gtqph3inputs.c, 38 :: 		TRISB0_bit = 1;
0x9D000500	0x34020001  ORI	R2, R0, 0x0001
0x9D000504	0x3C1EBF88  LUI	R30, 49032
0x9D000508	0xA3C26048  SB	R2, 24648(R30)
;ultrazvuk+gtqph3inputs.c, 39 :: 		TRISB1_bit = 1;
0x9D00050C	0x34020002  ORI	R2, R0, 0x0002
0x9D000510	0x3C1EBF88  LUI	R30, 49032
0x9D000514	0xA3C26048  SB	R2, 24648(R30)
;ultrazvuk+gtqph3inputs.c, 40 :: 		TRISB4_bit = 1;
0x9D000518	0x34020010  ORI	R2, R0, 0x0010
0x9D00051C	0x3C1EBF88  LUI	R30, 49032
0x9D000520	0xA3C26048  SB	R2, 24648(R30)
;ultrazvuk+gtqph3inputs.c, 41 :: 		AD1PCFG = ~(CHANNELS);
0x9D000524	0x3C02FFFF  LUI	R2, 65535
0x9D000528	0x3442FFF0  ORI	R2, R2, 65520
0x9D00052C	0x3C1EBF81  LUI	R30, 49025
0x9D000530	0xAFC29060  SW	R2, -28576(R30)
;ultrazvuk+gtqph3inputs.c, 43 :: 		FORM0_bit = 0;
0x9D000534	0x34020001  ORI	R2, R0, 0x0001
0x9D000538	0x3C1EBF81  LUI	R30, 49025
0x9D00053C	0xA3C29005  SB	R2, -28667(R30)
;ultrazvuk+gtqph3inputs.c, 44 :: 		FORM1_bit = 0;
0x9D000540	0x34020002  ORI	R2, R0, 0x0002
0x9D000544	0x3C1EBF81  LUI	R30, 49025
0x9D000548	0xA3C29005  SB	R2, -28667(R30)
;ultrazvuk+gtqph3inputs.c, 45 :: 		FORM2_bit = 0;   //16-bit integer format
0x9D00054C	0x34020004  ORI	R2, R0, 0x0004
0x9D000550	0x3C1EBF81  LUI	R30, 49025
0x9D000554	0xA3C29005  SB	R2, -28667(R30)
;ultrazvuk+gtqph3inputs.c, 47 :: 		SSRC0_bit = 0;
0x9D000558	0x34020020  ORI	R2, R0, 0x0020
0x9D00055C	0x3C1EBF81  LUI	R30, 49025
0x9D000560	0xA3C29004  SB	R2, -28668(R30)
;ultrazvuk+gtqph3inputs.c, 48 :: 		SSRC1_bit = 1;
0x9D000564	0x34020040  ORI	R2, R0, 0x0040
0x9D000568	0x3C1EBF81  LUI	R30, 49025
0x9D00056C	0xA3C29008  SB	R2, -28664(R30)
;ultrazvuk+gtqph3inputs.c, 49 :: 		SSRC2_bit = 0;   //Conversion trigger source Timer3
0x9D000570	0x34020080  ORI	R2, R0, 0x0080
0x9D000574	0x3C1EBF81  LUI	R30, 49025
0x9D000578	0xA3C29004  SB	R2, -28668(R30)
;ultrazvuk+gtqph3inputs.c, 51 :: 		CLRASAM_bit = 0; //Don't stop converting
0x9D00057C	0x34020010  ORI	R2, R0, 0x0010
0x9D000580	0x3C1EBF81  LUI	R30, 49025
0x9D000584	0xA3C29004  SB	R2, -28668(R30)
;ultrazvuk+gtqph3inputs.c, 53 :: 		ASAM_bit = 1;    //Start sampling immediately
0x9D000588	0x34020004  ORI	R2, R0, 0x0004
0x9D00058C	0x3C1EBF81  LUI	R30, 49025
0x9D000590	0xA3C29008  SB	R2, -28664(R30)
;ultrazvuk+gtqph3inputs.c, 55 :: 		CSCNA_bit = 1;   //Scan inputs
0x9D000594	0x34020004  ORI	R2, R0, 0x0004
0x9D000598	0x3C1EBF81  LUI	R30, 49025
0x9D00059C	0xA3C29019  SB	R2, -28647(R30)
;ultrazvuk+gtqph3inputs.c, 57 :: 		VCFG0_bit = 0;
0x9D0005A0	0x34020020  ORI	R2, R0, 0x0020
0x9D0005A4	0x3C1EBF81  LUI	R30, 49025
0x9D0005A8	0xA3C29015  SB	R2, -28651(R30)
;ultrazvuk+gtqph3inputs.c, 58 :: 		VCFG1_bit = 0;
0x9D0005AC	0x34020040  ORI	R2, R0, 0x0040
0x9D0005B0	0x3C1EBF81  LUI	R30, 49025
0x9D0005B4	0xA3C29015  SB	R2, -28651(R30)
;ultrazvuk+gtqph3inputs.c, 59 :: 		VCFG2_bit = 0;     //AVdd and AVss voltage reference pins
0x9D0005B8	0x34020080  ORI	R2, R0, 0x0080
0x9D0005BC	0x3C1EBF81  LUI	R30, 49025
0x9D0005C0	0xA3C29015  SB	R2, -28651(R30)
;ultrazvuk+gtqph3inputs.c, 61 :: 		CH0NA_bit = 0;     //Mux negative input is Vr-
0x9D0005C4	0x34020080  ORI	R2, R0, 0x0080
0x9D0005C8	0x3C1EBF81  LUI	R30, 49025
0x9D0005CC	0xA3C29046  SB	R2, -28602(R30)
;ultrazvuk+gtqph3inputs.c, 63 :: 		ALTS_bit = 0;      //Always use MUXA settings
0x9D0005D0	0x34020001  ORI	R2, R0, 0x0001
0x9D0005D4	0x3C1EBF81  LUI	R30, 49025
0x9D0005D8	0xA3C29014  SB	R2, -28652(R30)
;ultrazvuk+gtqph3inputs.c, 65 :: 		ADRC_bit = 1;      //Use ADC Internal RC oscillator
0x9D0005DC	0x34020080  ORI	R2, R0, 0x0080
0x9D0005E0	0x3C1EBF81  LUI	R30, 49025
0x9D0005E4	0xA3C29029  SB	R2, -28631(R30)
;ultrazvuk+gtqph3inputs.c, 67 :: 		SMPI0_bit = 1;
0x9D0005E8	0x34020004  ORI	R2, R0, 0x0004
0x9D0005EC	0x3C1EBF81  LUI	R30, 49025
0x9D0005F0	0xA3C29018  SB	R2, -28648(R30)
;ultrazvuk+gtqph3inputs.c, 68 :: 		SMPI1_bit = 1;
0x9D0005F4	0x34020008  ORI	R2, R0, 0x0008
0x9D0005F8	0x3C1EBF81  LUI	R30, 49025
0x9D0005FC	0xA3C29018  SB	R2, -28648(R30)
;ultrazvuk+gtqph3inputs.c, 69 :: 		SMPI2_bit = 1;
0x9D000600	0x34020010  ORI	R2, R0, 0x0010
0x9D000604	0x3C1EBF81  LUI	R30, 49025
0x9D000608	0xA3C29018  SB	R2, -28648(R30)
;ultrazvuk+gtqph3inputs.c, 70 :: 		SMPI3_bit = 1;   //Interrupts at completion of 16th convert
0x9D00060C	0x34020020  ORI	R2, R0, 0x0020
0x9D000610	0x3C1EBF81  LUI	R30, 49025
0x9D000614	0xA3C29018  SB	R2, -28648(R30)
;ultrazvuk+gtqph3inputs.c, 72 :: 		BUFM_bit = 0;    //16-word buffer
0x9D000618	0x34020002  ORI	R2, R0, 0x0002
0x9D00061C	0x3C1EBF81  LUI	R30, 49025
0x9D000620	0xA3C29014  SB	R2, -28652(R30)
;ultrazvuk+gtqph3inputs.c, 74 :: 		ALTS_bit = 0;    //Use MUX A
0x9D000624	0x34020001  ORI	R2, R0, 0x0001
0x9D000628	0x3C1EBF81  LUI	R30, 49025
0x9D00062C	0xA3C29014  SB	R2, -28652(R30)
;ultrazvuk+gtqph3inputs.c, 76 :: 		AD1CSSL = CHANNELS;  //Scan inputs 0,1,2,4
0x9D000630	0x3402000F  ORI	R2, R0, 15
0x9D000634	0x3C1EBF81  LUI	R30, 49025
;ultrazvuk+gtqph3inputs.c, 78 :: 		InitTimer3();    //Initialize timer
0x9D000638	0x0F400118  JAL	_InitTimer3+0
0x9D00063C	0xAFC29050  SW	R2, -28592(R30)
;ultrazvuk+gtqph3inputs.c, 80 :: 		AD1IP0_bit = 1;
0x9D000640	0x34020004  ORI	R2, R0, 0x0004
0x9D000644	0x3C1EBF88  LUI	R30, 49032
0x9D000648	0xA3C210FB  SB	R2, 4347(R30)
;ultrazvuk+gtqph3inputs.c, 81 :: 		AD1IP1_bit = 1;
0x9D00064C	0x34020008  ORI	R2, R0, 0x0008
0x9D000650	0x3C1EBF88  LUI	R30, 49032
0x9D000654	0xA3C210FB  SB	R2, 4347(R30)
;ultrazvuk+gtqph3inputs.c, 82 :: 		AD1IP2_bit = 1;
0x9D000658	0x34020010  ORI	R2, R0, 0x0010
0x9D00065C	0x3C1EBF88  LUI	R30, 49032
0x9D000660	0xA3C210FB  SB	R2, 4347(R30)
;ultrazvuk+gtqph3inputs.c, 84 :: 		AD1IF_bit = 0;
0x9D000664	0x34020002  ORI	R2, R0, 0x0002
0x9D000668	0x3C1EBF88  LUI	R30, 49032
0x9D00066C	0xA3C21044  SB	R2, 4164(R30)
;ultrazvuk+gtqph3inputs.c, 85 :: 		AD1IE_bit = 1;   //Configure interrupts
0x9D000670	0x34020002  ORI	R2, R0, 0x0002
0x9D000674	0x3C1EBF88  LUI	R30, 49032
0x9D000678	0xA3C21078  SB	R2, 4216(R30)
;ultrazvuk+gtqph3inputs.c, 88 :: 		}
L_end_InitADC:
0x9D00067C	0x8FBF0000  LW	RA, 0(SP)
0x9D000680	0x03E00008  JR	RA
0x9D000684	0x27BD0004  ADDIU	SP, SP, 4
; end of _InitADC
_InitDataSend:
;ultrazvuk+gtqph3inputs.c, 141 :: 		void InitDataSend(){
0x9D0006B8	0x27BDFFF8  ADDIU	SP, SP, -8
0x9D0006BC	0xAFBF0000  SW	RA, 0(SP)
;ultrazvuk+gtqph3inputs.c, 142 :: 		UART2_Init(256000);
0x9D0006C0	0xAFB90004  SW	R25, 4(SP)
0x9D0006C4	0x3C190003  LUI	R25, 3
0x9D0006C8	0x0F400055  JAL	_UART2_Init+0
0x9D0006CC	0x3739E800  ORI	R25, R25, 59392
;ultrazvuk+gtqph3inputs.c, 143 :: 		}
L_end_InitDataSend:
0x9D0006D0	0x8FB90004  LW	R25, 4(SP)
0x9D0006D4	0x8FBF0000  LW	RA, 0(SP)
0x9D0006D8	0x03E00008  JR	RA
0x9D0006DC	0x27BD0008  ADDIU	SP, SP, 8
; end of _InitDataSend
_UART2_Init:
;__Lib_UART_12.c, 214 :: 		
0x9D000154	0x27BDFFEC  ADDIU	SP, SP, -20
0x9D000158	0xAFBF0000  SW	RA, 0(SP)
;__Lib_UART_12.c, 217 :: 		
0x9D00015C	0xAFB90004  SW	R25, 4(SP)
0x9D000160	0xAFBA0008  SW	R26, 8(SP)
0x9D000164	0xAFBB000C  SW	R27, 12(SP)
0x9D000168	0x3C029D00  LUI	R2, hi_addr(_UART2_Write+0)
0x9D00016C	0x34420120  ORI	R2, R2, lo_addr(_UART2_Write+0)
0x9D000170	0xAC22FD10  SW	R2, Offset(_UART_Wr_Ptr+0)(GP)
;__Lib_UART_12.c, 218 :: 		
0x9D000174	0x3C02FFFF  LUI	R2, hi_addr(_UART2_Read+0)
0x9D000178	0x3442FFFF  ORI	R2, R2, lo_addr(_UART2_Read+0)
0x9D00017C	0xAC22FD04  SW	R2, Offset(_UART_Rd_Ptr+0)(GP)
;__Lib_UART_12.c, 219 :: 		
0x9D000180	0x3C02FFFF  LUI	R2, hi_addr(_UART2_Data_Ready+0)
0x9D000184	0x3442FFFF  ORI	R2, R2, lo_addr(_UART2_Data_Ready+0)
0x9D000188	0xAC22FD0C  SW	R2, Offset(_UART_Rdy_Ptr+0)(GP)
;__Lib_UART_12.c, 220 :: 		
0x9D00018C	0x3C02FFFF  LUI	R2, hi_addr(_UART2_Tx_Idle+0)
0x9D000190	0x3442FFFF  ORI	R2, R2, lo_addr(_UART2_Tx_Idle+0)
;__Lib_UART_12.c, 222 :: 		
0x9D000194	0x0F400000  JAL	_Get_Fosc_kHz+0
0x9D000198	0xAC22FD08  SW	R2, Offset(_UART_Tx_Idle_Ptr+0)(GP)
0x9D00019C	0xAFB90010  SW	R25, 16(SP)
0x9D0001A0	0x0000D80A  MOVZ	R27, R0, R0
0x9D0001A4	0x0320D00A  MOVZ	R26, R25, R0
0x9D0001A8	0x0F40002B  JAL	__Lib_UART_12_UART_Calc_BRG+0
0x9D0001AC	0x0040C80A  MOVZ	R25, R2, R0
0x9D0001B0	0x8FB90010  LW	R25, 16(SP)
; brg_tmp start address is: 16 (R4)
0x9D0001B4	0x0040200A  MOVZ	R4, R2, R0
;__Lib_UART_12.c, 223 :: 		
0x9D0001B8	0x34030008  ORI	R3, R0, 8
0x9D0001BC	0x3C1EBF80  LUI	R30, 49024
;__Lib_UART_12.c, 224 :: 		
0x9D0001C0	0x1440000C  BNE	R2, R0, L__UART2_Init57
0x9D0001C4	0xAFC36204  SW	R3, 25092(R30)
L__UART2_Init104:
; brg_tmp end address is: 16 (R4)
;__Lib_UART_12.c, 225 :: 		
0x9D0001C8	0x0F400000  JAL	_Get_Fosc_kHz+0
0x9D0001CC	0x70000000  NOP	
0x9D0001D0	0x341B0001  ORI	R27, R0, 1
0x9D0001D4	0x0320D00A  MOVZ	R26, R25, R0
0x9D0001D8	0x0F40002B  JAL	__Lib_UART_12_UART_Calc_BRG+0
0x9D0001DC	0x0040C80A  MOVZ	R25, R2, R0
; brg_tmp start address is: 12 (R3)
0x9D0001E0	0x0040180A  MOVZ	R3, R2, R0
;__Lib_UART_12.c, 226 :: 		
0x9D0001E4	0x34020008  ORI	R2, R0, 8
0x9D0001E8	0x3C1EBF80  LUI	R30, 49024
; brg_tmp end address is: 12 (R3)
;__Lib_UART_12.c, 227 :: 		
0x9D0001EC	0x0B40007E  J	L_UART2_Init35
0x9D0001F0	0xAFC26208  SW	R2, 25096(R30)
L__UART2_Init57:
;__Lib_UART_12.c, 224 :: 		
0x9D0001F4	0x0080180A  MOVZ	R3, R4, R0
;__Lib_UART_12.c, 227 :: 		
L_UART2_Init35:
;__Lib_UART_12.c, 228 :: 		
; brg_tmp start address is: 12 (R3)
0x9D0001F8	0x2462FFFF  ADDIU	R2, R3, -1
; brg_tmp end address is: 12 (R3)
0x9D0001FC	0x3C1EBF80  LUI	R30, 49024
0x9D000200	0xAFC26240  SW	R2, 25152(R30)
;__Lib_UART_12.c, 229 :: 		
0x9D000204	0x3C1EBF80  LUI	R30, 49024
0x9D000208	0x8FC26200  LW	R2, 25088(R30)
0x9D00020C	0x34428000  ORI	R2, R2, 32768
0x9D000210	0x3C1EBF80  LUI	R30, 49024
0x9D000214	0xAFC26200  SW	R2, 25088(R30)
;__Lib_UART_12.c, 230 :: 		
0x9D000218	0x34021400  ORI	R2, R0, 5120
0x9D00021C	0x3C1EBF80  LUI	R30, 49024
0x9D000220	0xAFC26210  SW	R2, 25104(R30)
;__Lib_UART_12.c, 231 :: 		
L_end_UART2_Init:
0x9D000224	0x8FBB000C  LW	R27, 12(SP)
0x9D000228	0x8FBA0008  LW	R26, 8(SP)
0x9D00022C	0x8FB90004  LW	R25, 4(SP)
0x9D000230	0x8FBF0000  LW	RA, 0(SP)
0x9D000234	0x03E00008  JR	RA
0x9D000238	0x27BD0014  ADDIU	SP, SP, 20
; end of _UART2_Init
_Get_Fosc_kHz:
;__Lib_Delays.c, 1 :: 		unsigned long Get_Fosc_kHz(){
;__Lib_Delays.c, 3 :: 		return Clock_kHz();
0x9D000000	0x3C020001  LUI	R2, 1
0x9D000004	0x34423880  ORI	R2, R2, 14464
;__Lib_Delays.c, 4 :: 		}
L_end_Get_Fosc_kHz:
0x9D000008	0x03E00008  JR	RA
0x9D00000C	0x70000000  NOP	
; end of _Get_Fosc_kHz
__Lib_UART_12_UART_Calc_BRG:
;__Lib_UART_12.c, 19 :: 		
0x9D0000AC	0x27BDFFFC  ADDIU	SP, SP, -4
;__Lib_UART_12.c, 21 :: 		
0x9D0000B0	0x340203E8  ORI	R2, R0, 1000
0x9D0000B4	0x03220019  MULTU	R25, R2
0x9D0000B8	0x00001012  MFLO	R2
; tmp start address is: 12 (R3)
0x9D0000BC	0x0040180A  MOVZ	R3, R2, R0
;__Lib_UART_12.c, 23 :: 		
0x9D0000C0	0x336200FF  ANDI	R2, R27, 255
0x9D0000C4	0x14400004  BNE	R2, R0, L___Lib_UART_12_UART_Calc_BRG0
0x9D0000C8	0x70000000  NOP	
L___Lib_UART_12_UART_Calc_BRG61:
;__Lib_UART_12.c, 24 :: 		
0x9D0000CC	0x001A1100  SLL	R2, R26, 4
; tmp1 start address is: 16 (R4)
; tmp1 end address is: 16 (R4)
0x9D0000D0	0x0B400038  J	L___Lib_UART_12_UART_Calc_BRG1
0x9D0000D4	0x0040200A  MOVZ	R4, R2, R0
L___Lib_UART_12_UART_Calc_BRG0:
;__Lib_UART_12.c, 26 :: 		
0x9D0000D8	0x001A1080  SLL	R2, R26, 2
; tmp1 start address is: 16 (R4)
0x9D0000DC	0x0040200A  MOVZ	R4, R2, R0
; tmp1 end address is: 16 (R4)
L___Lib_UART_12_UART_Calc_BRG1:
;__Lib_UART_12.c, 28 :: 		
; tmp1 start address is: 16 (R4)
0x9D0000E0	0x0064001B  DIVU	R3, R4
0x9D0000E4	0x00001010  MFHI	R2
; tmp2 start address is: 20 (R5)
0x9D0000E8	0x0040280A  MOVZ	R5, R2, R0
;__Lib_UART_12.c, 29 :: 		
0x9D0000EC	0x0064001B  DIVU	R3, R4
0x9D0000F0	0x00001012  MFLO	R2
0x9D0000F4	0x0040180A  MOVZ	R3, R2, R0
;__Lib_UART_12.c, 31 :: 		
0x9D0000F8	0x00041042  SRL	R2, R4, 1
; tmp1 end address is: 16 (R4)
0x9D0000FC	0x0045102B  SLTU	R2, R2, R5
0x9D000100	0x10400004  BEQ	R2, R0, L___Lib_UART_12_UART_Calc_BRG52
0x9D000104	0x70000000  NOP	
L___Lib_UART_12_UART_Calc_BRG62:
; tmp2 end address is: 20 (R5)
;__Lib_UART_12.c, 32 :: 		
0x9D000108	0x24620001  ADDIU	R2, R3, 1
; tmp end address is: 12 (R3)
0x9D00010C	0x0B400045  J	L___Lib_UART_12_UART_Calc_BRG2
0x9D000110	0x0040180A  MOVZ	R3, R2, R0
L___Lib_UART_12_UART_Calc_BRG52:
;__Lib_UART_12.c, 31 :: 		
;__Lib_UART_12.c, 32 :: 		
L___Lib_UART_12_UART_Calc_BRG2:
;__Lib_UART_12.c, 34 :: 		
; tmp start address is: 12 (R3)
0x9D000114	0x0060100A  MOVZ	R2, R3, R0
; tmp end address is: 12 (R3)
;__Lib_UART_12.c, 35 :: 		
L_end_UART_Calc_BRG:
0x9D000118	0x03E00008  JR	RA
0x9D00011C	0x27BD0004  ADDIU	SP, SP, 4
; end of __Lib_UART_12_UART_Calc_BRG
_SampleADC:
;ultrazvuk+gtqph3inputs.c, 90 :: 		void SampleADC(){
;ultrazvuk+gtqph3inputs.c, 91 :: 		current = 0;
0x9D000688	0xA420FD02  SH	R0, Offset(_current+0)(GP)
;ultrazvuk+gtqph3inputs.c, 92 :: 		ADC_Done = 0;
0x9D00068C	0xA020FD00  SB	R0, Offset(_ADC_Done+0)(GP)
;ultrazvuk+gtqph3inputs.c, 93 :: 		AD1CON1.B15 = 1;
0x9D000690	0x34028000  ORI	R2, R0, 32768
0x9D000694	0x3C1EBF81  LUI	R30, 49025
0x9D000698	0xAFC29008  SW	R2, -28664(R30)
;ultrazvuk+gtqph3inputs.c, 94 :: 		while(!ADC_done);
L_SampleADC0:
0x9D00069C	0x9022FD00  LBU	R2, Offset(_ADC_Done+0)(GP)
0x9D0006A0	0x14400003  BNE	R2, R0, L_SampleADC1
0x9D0006A4	0x70000000  NOP	
L__SampleADC14:
0x9D0006A8	0x0B4001A7  J	L_SampleADC0
0x9D0006AC	0x70000000  NOP	
L_SampleADC1:
;ultrazvuk+gtqph3inputs.c, 95 :: 		}
L_end_SampleADC:
0x9D0006B0	0x03E00008  JR	RA
0x9D0006B4	0x70000000  NOP	
; end of _SampleADC
_SendData:
;ultrazvuk+gtqph3inputs.c, 144 :: 		void SendData(){
0x9D000378	0x27BDFFEC  ADDIU	SP, SP, -20
0x9D00037C	0xAFBF0000  SW	RA, 0(SP)
;ultrazvuk+gtqph3inputs.c, 147 :: 		for(i=0; i<SAMPLE_COUNT;){ //Send all channels in single row
0x9D000380	0xAFB90004  SW	R25, 4(SP)
0x9D000384	0xAFBA0008  SW	R26, 8(SP)
; i start address is: 28 (R7)
0x9D000388	0x0000380A  MOVZ	R7, R0, R0
; i end address is: 28 (R7)
L_SendData4:
; i start address is: 28 (R7)
0x9D00038C	0x7C071620  SEH	R2, R7
0x9D000390	0x28423E80  SLTI	R2, R2, 16000
0x9D000394	0x10400025  BEQ	R2, R0, L_SendData5
0x9D000398	0x70000000  NOP	
L__SendData20:
;ultrazvuk+gtqph3inputs.c, 148 :: 		for(j=0; j<CHANNEL_CNT; j++){
; j start address is: 24 (R6)
0x9D00039C	0x0000300A  MOVZ	R6, R0, R0
; i end address is: 28 (R7)
; j end address is: 24 (R6)
L_SendData7:
; j start address is: 24 (R6)
; i start address is: 28 (R7)
0x9D0003A0	0x7C061620  SEH	R2, R6
0x9D0003A4	0x28420004  SLTI	R2, R2, 4
0x9D0003A8	0x10400015  BEQ	R2, R0, L_SendData8
0x9D0003AC	0x70000000  NOP	
L__SendData21:
;ultrazvuk+gtqph3inputs.c, 149 :: 		inttostr(measurements[i++], txt);
0x9D0003B0	0x27A4000C  ADDIU	R4, SP, 12
0x9D0003B4	0x7C071620  SEH	R2, R7
0x9D0003B8	0x00021840  SLL	R3, R2, 1
0x9D0003BC	0x3C02A000  LUI	R2, hi_addr(_Measurements+0)
0x9D0003C0	0x34420000  ORI	R2, R2, lo_addr(_Measurements+0)
0x9D0003C4	0x00431021  ADDU	R2, R2, R3
0x9D0003C8	0x94420000  LHU	R2, 0(R2)
0x9D0003CC	0x0080D00A  MOVZ	R26, R4, R0
0x9D0003D0	0x0F4000A5  JAL	_IntToStr+0
0x9D0003D4	0x3059FFFF  ANDI	R25, R2, 65535
0x9D0003D8	0x24E20001  ADDIU	R2, R7, 1
0x9D0003DC	0x7C023E20  SEH	R7, R2
;ultrazvuk+gtqph3inputs.c, 150 :: 		UART2_Write_Text(txt);
0x9D0003E0	0x27A2000C  ADDIU	R2, SP, 12
0x9D0003E4	0x0F40008F  JAL	_UART2_Write_Text+0
0x9D0003E8	0x0040C80A  MOVZ	R25, R2, R0
;ultrazvuk+gtqph3inputs.c, 151 :: 		UART2_Write(' ');
0x9D0003EC	0x0F400048  JAL	_UART2_Write+0
0x9D0003F0	0x34190020  ORI	R25, R0, 32
;ultrazvuk+gtqph3inputs.c, 148 :: 		for(j=0; j<CHANNEL_CNT; j++){
0x9D0003F4	0x24C20001  ADDIU	R2, R6, 1
;ultrazvuk+gtqph3inputs.c, 152 :: 		}
; j end address is: 24 (R6)
0x9D0003F8	0x0B4000E8  J	L_SendData7
0x9D0003FC	0x7C023620  SEH	R6, R2
L_SendData8:
;ultrazvuk+gtqph3inputs.c, 155 :: 		UART2_Write_Text(txt);
0x9D000400	0x27A2000C  ADDIU	R2, SP, 12
0x9D000404	0x0F40008F  JAL	_UART2_Write_Text+0
0x9D000408	0x0040C80A  MOVZ	R25, R2, R0
;ultrazvuk+gtqph3inputs.c, 156 :: 		UART2_Write(' ');
0x9D00040C	0x0F400048  JAL	_UART2_Write+0
0x9D000410	0x34190020  ORI	R25, R0, 32
;ultrazvuk+gtqph3inputs.c, 157 :: 		UART2_Write(13);
0x9D000414	0x0F400048  JAL	_UART2_Write+0
0x9D000418	0x3419000D  ORI	R25, R0, 13
;ultrazvuk+gtqph3inputs.c, 158 :: 		UART2_Write(10);
0x9D00041C	0x0F400048  JAL	_UART2_Write+0
0x9D000420	0x3419000A  ORI	R25, R0, 10
;ultrazvuk+gtqph3inputs.c, 159 :: 		}
; i end address is: 28 (R7)
0x9D000424	0x0B4000E3  J	L_SendData4
0x9D000428	0x70000000  NOP	
L_SendData5:
;ultrazvuk+gtqph3inputs.c, 160 :: 		}
L_end_SendData:
0x9D00042C	0x8FBA0008  LW	R26, 8(SP)
0x9D000430	0x8FB90004  LW	R25, 4(SP)
0x9D000434	0x8FBF0000  LW	RA, 0(SP)
0x9D000438	0x03E00008  JR	RA
0x9D00043C	0x27BD0014  ADDIU	SP, SP, 20
; end of _SendData
_IntToStr:
;__Lib_Conversions.c, 211 :: 		
0x9D000294	0x27BDFFF4  ADDIU	SP, SP, -12
0x9D000298	0xAFBF0000  SW	RA, 0(SP)
;__Lib_Conversions.c, 217 :: 		
0x9D00029C	0xAFB90004  SW	R25, 4(SP)
0x9D0002A0	0xA7A00008  SH	R0, 8(SP)
;__Lib_Conversions.c, 218 :: 		
0x9D0002A4	0xA7B9000A  SH	R25, 10(SP)
;__Lib_Conversions.c, 219 :: 		
0x9D0002A8	0x7C191620  SEH	R2, R25
0x9D0002AC	0x28420000  SLTI	R2, R2, 0
0x9D0002B0	0x10400006  BEQ	R2, R0, L_IntToStr37
0x9D0002B4	0x70000000  NOP	
L__IntToStr228:
;__Lib_Conversions.c, 220 :: 		
0x9D0002B8	0x34020001  ORI	R2, R0, 1
0x9D0002BC	0xA7A20008  SH	R2, 8(SP)
;__Lib_Conversions.c, 221 :: 		
0x9D0002C0	0x0000100A  MOVZ	R2, R0, R0
0x9D0002C4	0x00591023  SUBU	R2, R2, R25
0x9D0002C8	0xA7A2000A  SH	R2, 10(SP)
;__Lib_Conversions.c, 222 :: 		
L_IntToStr37:
;__Lib_Conversions.c, 223 :: 		
0x9D0002CC	0x0F400004  JAL	_WordToStr+0
0x9D0002D0	0x97B9000A  LHU	R25, 10(SP)
;__Lib_Conversions.c, 225 :: 		
; i start address is: 16 (R4)
0x9D0002D4	0x34040006  ORI	R4, R0, 6
; i end address is: 16 (R4)
;__Lib_Conversions.c, 226 :: 		
L_IntToStr38:
; i start address is: 16 (R4)
0x9D0002D8	0x3082FFFF  ANDI	R2, R4, 65535
0x9D0002DC	0x2C420001  SLTIU	R2, R2, 1
0x9D0002E0	0x1440000C  BNE	R2, R0, L_IntToStr39
0x9D0002E4	0x70000000  NOP	
L__IntToStr229:
;__Lib_Conversions.c, 227 :: 		
0x9D0002E8	0x3082FFFF  ANDI	R2, R4, 65535
0x9D0002EC	0x03421821  ADDU	R3, R26, R2
0x9D0002F0	0x2482FFFF  ADDIU	R2, R4, -1
0x9D0002F4	0x3042FFFF  ANDI	R2, R2, 65535
0x9D0002F8	0x03421021  ADDU	R2, R26, R2
0x9D0002FC	0x90420000  LBU	R2, 0(R2)
0x9D000300	0xA0620000  SB	R2, 0(R3)
;__Lib_Conversions.c, 228 :: 		
0x9D000304	0x2482FFFF  ADDIU	R2, R4, -1
; i end address is: 16 (R4)
; i start address is: 20 (R5)
0x9D000308	0x3045FFFF  ANDI	R5, R2, 65535
;__Lib_Conversions.c, 229 :: 		
; i end address is: 20 (R5)
0x9D00030C	0x0B4000B6  J	L_IntToStr38
0x9D000310	0x30A4FFFF  ANDI	R4, R5, 65535
L_IntToStr39:
;__Lib_Conversions.c, 230 :: 		
0x9D000314	0x34020020  ORI	R2, R0, 32
0x9D000318	0xA3420000  SB	R2, 0(R26)
;__Lib_Conversions.c, 231 :: 		
0x9D00031C	0x97A20008  LHU	R2, 8(SP)
0x9D000320	0x10400011  BEQ	R2, R0, L_IntToStr40
0x9D000324	0x70000000  NOP	
L__IntToStr231:
;__Lib_Conversions.c, 232 :: 		
; i start address is: 16 (R4)
0x9D000328	0x0000200A  MOVZ	R4, R0, R0
; i end address is: 16 (R4)
;__Lib_Conversions.c, 233 :: 		
L_IntToStr41:
; i start address is: 16 (R4)
0x9D00032C	0x3082FFFF  ANDI	R2, R4, 65535
0x9D000330	0x03421021  ADDU	R2, R26, R2
0x9D000334	0x90420000  LBU	R2, 0(R2)
0x9D000338	0x304300FF  ANDI	R3, R2, 255
0x9D00033C	0x34020020  ORI	R2, R0, 32
0x9D000340	0x14620004  BNE	R3, R2, L_IntToStr42
0x9D000344	0x70000000  NOP	
L__IntToStr232:
0x9D000348	0x24820001  ADDIU	R2, R4, 1
; i end address is: 16 (R4)
; i start address is: 8 (R2)
; i end address is: 8 (R2)
0x9D00034C	0x0B4000CB  J	L_IntToStr41
0x9D000350	0x3044FFFF  ANDI	R4, R2, 65535
L_IntToStr42:
;__Lib_Conversions.c, 234 :: 		
; i start address is: 16 (R4)
0x9D000354	0x2482FFFF  ADDIU	R2, R4, -1
; i end address is: 16 (R4)
;__Lib_Conversions.c, 235 :: 		
0x9D000358	0x3042FFFF  ANDI	R2, R2, 65535
0x9D00035C	0x03421821  ADDU	R3, R26, R2
0x9D000360	0x3402002D  ORI	R2, R0, 45
0x9D000364	0xA0620000  SB	R2, 0(R3)
L_IntToStr40:
;__Lib_Conversions.c, 236 :: 		
L_end_IntToStr:
0x9D000368	0x8FB90004  LW	R25, 4(SP)
0x9D00036C	0x8FBF0000  LW	RA, 0(SP)
0x9D000370	0x03E00008  JR	RA
0x9D000374	0x27BD000C  ADDIU	SP, SP, 12
; end of _IntToStr
_WordToStr:
;__Lib_Conversions.c, 114 :: 		
0x9D000010	0x27BDFFFC  ADDIU	SP, SP, -4
;__Lib_Conversions.c, 119 :: 		
; len start address is: 16 (R4)
0x9D000014	0x0000200A  MOVZ	R4, R0, R0
; len end address is: 16 (R4)
L_WordToStr11:
; len start address is: 16 (R4)
0x9D000018	0x308200FF  ANDI	R2, R4, 255
0x9D00001C	0x2C420005  SLTIU	R2, R2, 5
0x9D000020	0x10400008  BEQ	R2, R0, L_WordToStr12
0x9D000024	0x70000000  NOP	
L__WordToStr207:
;__Lib_Conversions.c, 120 :: 		
0x9D000028	0x308200FF  ANDI	R2, R4, 255
0x9D00002C	0x03421821  ADDU	R3, R26, R2
0x9D000030	0x34020020  ORI	R2, R0, 32
0x9D000034	0xA0620000  SB	R2, 0(R3)
;__Lib_Conversions.c, 119 :: 		
0x9D000038	0x24820001  ADDIU	R2, R4, 1
;__Lib_Conversions.c, 120 :: 		
0x9D00003C	0x0B400006  J	L_WordToStr11
0x9D000040	0x304400FF  ANDI	R4, R2, 255
L_WordToStr12:
;__Lib_Conversions.c, 121 :: 		
0x9D000044	0x308200FF  ANDI	R2, R4, 255
0x9D000048	0x03421021  ADDU	R2, R26, R2
0x9D00004C	0xA0400000  SB	R0, 0(R2)
0x9D000050	0x2482FFFF  ADDIU	R2, R4, -1
0x9D000054	0x304400FF  ANDI	R4, R2, 255
; len end address is: 16 (R4)
;__Lib_Conversions.c, 123 :: 		
L_WordToStr14:
;__Lib_Conversions.c, 124 :: 		
; len start address is: 16 (R4)
0x9D000058	0x308200FF  ANDI	R2, R4, 255
0x9D00005C	0x03421821  ADDU	R3, R26, R2
0x9D000060	0x3402000A  ORI	R2, R0, 10
0x9D000064	0x0322001B  DIVU	R25, R2
0x9D000068	0x00001010  MFHI	R2
0x9D00006C	0x24420030  ADDIU	R2, R2, 48
0x9D000070	0xA0620000  SB	R2, 0(R3)
;__Lib_Conversions.c, 125 :: 		
0x9D000074	0x3402000A  ORI	R2, R0, 10
0x9D000078	0x0322001B  DIVU	R25, R2
0x9D00007C	0x00001012  MFLO	R2
0x9D000080	0x3059FFFF  ANDI	R25, R2, 65535
;__Lib_Conversions.c, 126 :: 		
0x9D000084	0x3042FFFF  ANDI	R2, R2, 65535
0x9D000088	0x14400003  BNE	R2, R0, L_WordToStr16
0x9D00008C	0x70000000  NOP	
L__WordToStr208:
; len end address is: 16 (R4)
;__Lib_Conversions.c, 127 :: 		
0x9D000090	0x0B400029  J	L_WordToStr15
0x9D000094	0x70000000  NOP	
L_WordToStr16:
;__Lib_Conversions.c, 128 :: 		
; len start address is: 16 (R4)
0x9D000098	0x2482FFFF  ADDIU	R2, R4, -1
;__Lib_Conversions.c, 129 :: 		
; len end address is: 16 (R4)
0x9D00009C	0x0B400016  J	L_WordToStr14
0x9D0000A0	0x304400FF  ANDI	R4, R2, 255
L_WordToStr15:
;__Lib_Conversions.c, 130 :: 		
L_end_WordToStr:
0x9D0000A4	0x03E00008  JR	RA
0x9D0000A8	0x27BD0004  ADDIU	SP, SP, 4
; end of _WordToStr
_UART2_Write_Text:
;__Lib_UART_12.c, 158 :: 		
0x9D00023C	0x27BDFFF8  ADDIU	SP, SP, -8
0x9D000240	0xAFBF0000  SW	RA, 0(SP)
;__Lib_UART_12.c, 159 :: 		
; counter start address is: 16 (R4)
0x9D000244	0x0000200A  MOVZ	R4, R0, R0
;__Lib_UART_12.c, 161 :: 		
0x9D000248	0x93220000  LBU	R2, 0(R25)
; data_ start address is: 12 (R3)
0x9D00024C	0x304300FF  ANDI	R3, R2, 255
; counter end address is: 16 (R4)
; data_ end address is: 12 (R3)
;__Lib_UART_12.c, 162 :: 		
L_UART2_Write_Text24:
; data_ start address is: 12 (R3)
; counter start address is: 16 (R4)
0x9D000250	0x306200FF  ANDI	R2, R3, 255
0x9D000254	0x1040000C  BEQ	R2, R0, L_UART2_Write_Text25
0x9D000258	0x70000000  NOP	
L__UART2_Write_Text90:
;__Lib_UART_12.c, 163 :: 		
0x9D00025C	0xAFB90004  SW	R25, 4(SP)
; data_ end address is: 12 (R3)
0x9D000260	0x0F400048  JAL	_UART2_Write+0
0x9D000264	0x307900FF  ANDI	R25, R3, 255
0x9D000268	0x8FB90004  LW	R25, 4(SP)
;__Lib_UART_12.c, 164 :: 		
0x9D00026C	0x24820001  ADDIU	R2, R4, 1
0x9D000270	0x304400FF  ANDI	R4, R2, 255
;__Lib_UART_12.c, 165 :: 		
0x9D000274	0x304200FF  ANDI	R2, R2, 255
0x9D000278	0x03221021  ADDU	R2, R25, R2
0x9D00027C	0x90420000  LBU	R2, 0(R2)
; data_ start address is: 12 (R3)
;__Lib_UART_12.c, 166 :: 		
; counter end address is: 16 (R4)
; data_ end address is: 12 (R3)
0x9D000280	0x0B400094  J	L_UART2_Write_Text24
0x9D000284	0x304300FF  ANDI	R3, R2, 255
L_UART2_Write_Text25:
;__Lib_UART_12.c, 167 :: 		
L_end_UART2_Write_Text:
0x9D000288	0x8FBF0000  LW	RA, 0(SP)
0x9D00028C	0x03E00008  JR	RA
0x9D000290	0x27BD0008  ADDIU	SP, SP, 8
; end of _UART2_Write_Text
_UART2_Write:
;__Lib_UART_12.c, 151 :: 		
0x9D000120	0x27BDFFFC  ADDIU	SP, SP, -4
;__Lib_UART_12.c, 154 :: 		
L_UART2_Write22:
0x9D000124	0x3C1EBF80  LUI	R30, 49024
0x9D000128	0x93C26211  LBU	R2, 25105(R30)
0x9D00012C	0x7C420000  EXT	R2, R2, 0, 1
0x9D000130	0x14400003  BNE	R2, R0, L_UART2_Write23
0x9D000134	0x70000000  NOP	
L__UART2_Write87:
0x9D000138	0x0B400049  J	L_UART2_Write22
0x9D00013C	0x70000000  NOP	
L_UART2_Write23:
;__Lib_UART_12.c, 155 :: 		
0x9D000140	0x3322FFFF  ANDI	R2, R25, 65535
0x9D000144	0x3C1EBF80  LUI	R30, 49024
0x9D000148	0xAFC26220  SW	R2, 25120(R30)
;__Lib_UART_12.c, 156 :: 		
L_end_UART2_Write:
0x9D00014C	0x03E00008  JR	RA
0x9D000150	0x27BD0004  ADDIU	SP, SP, 4
; end of _UART2_Write
___CC2DW:
;__Lib_System.c, 4 :: 		
0x9D000440	0x27BDFFFC  ADDIU	SP, SP, -4
;__Lib_System.c, 6 :: 		
L_loopDW:
;__Lib_System.c, 7 :: 		
0x9D000444	0x831E0000  LB	R30, 0(R24)
;__Lib_System.c, 8 :: 		
0x9D000448	0xA2FE0000  SB	R30, 0(R23)
;__Lib_System.c, 9 :: 		
0x9D00044C	0x26F70001  ADDIU	R23, R23, 1
;__Lib_System.c, 10 :: 		
0x9D000450	0x16F6FFFC  BNE	R23, R22, L_loopDW
;__Lib_System.c, 11 :: 		
0x9D000454	0x27180001  ADDIU	R24, R24, 1
;__Lib_System.c, 13 :: 		
L_end___CC2DW:
0x9D000458	0x03E00008  JR	RA
0x9D00045C	0x27BD0004  ADDIU	SP, SP, 4
; end of ___CC2DW
___BootStartUp:
;__Lib_System.c, 68 :: 		
0xBFC00000	0x27BDFFFC  ADDIU	SP, SP, -4
;__Lib_System.c, 72 :: 		
0xBFC00004	0x70000000  NOP	
;__Lib_System.c, 73 :: 		
0xBFC00008	0x70000000  NOP	
;__Lib_System.c, 74 :: 		
0xBFC0000C	0x70000000  NOP	
;__Lib_System.c, 75 :: 		
0xBFC00010	0x70000000  NOP	
;__Lib_System.c, 76 :: 		
0xBFC00014	0x70000000  NOP	
;__Lib_System.c, 77 :: 		
0xBFC00018	0x70000000  NOP	
;__Lib_System.c, 78 :: 		
0xBFC0001C	0x70000000  NOP	
;__Lib_System.c, 79 :: 		
0xBFC00020	0x70000000  NOP	
;__Lib_System.c, 80 :: 		
0xBFC00024	0x70000000  NOP	
;__Lib_System.c, 81 :: 		
0xBFC00028	0x70000000  NOP	
;__Lib_System.c, 82 :: 		
0xBFC0002C	0x70000000  NOP	
;__Lib_System.c, 83 :: 		
0xBFC00030	0x70000000  NOP	
;__Lib_System.c, 84 :: 		
0xBFC00034	0x70000000  NOP	
;__Lib_System.c, 85 :: 		
0xBFC00038	0x70000000  NOP	
;__Lib_System.c, 86 :: 		
0xBFC0003C	0x70000000  NOP	
;__Lib_System.c, 87 :: 		
0xBFC00040	0x70000000  NOP	
;__Lib_System.c, 88 :: 		
0xBFC00044	0x70000000  NOP	
;__Lib_System.c, 89 :: 		
0xBFC00048	0x70000000  NOP	
;__Lib_System.c, 90 :: 		
0xBFC0004C	0x70000000  NOP	
;__Lib_System.c, 91 :: 		
0xBFC00050	0x70000000  NOP	
;__Lib_System.c, 94 :: 		
0xBFC00054	0x3C1DA000  LUI	SP, 40960
0xBFC00058	0x37BD7FFC  ORI	SP, SP, 32764
;__Lib_System.c, 95 :: 		
0xBFC0005C	0x3C01A000  LUI	GP, 40960
0xBFC00060	0x34218000  ORI	GP, GP, 32768
;__Lib_System.c, 99 :: 		
0xBFC00064	0x401E6002  MFC0	R30, 12, 2
;__Lib_System.c, 100 :: 		
0xBFC00068	0x03C0E00A  MOVZ	R28, R30, R0
;__Lib_System.c, 101 :: 		
0xBFC0006C	0x7FDB1E80  EXT	R27, R30, 26, 4
;__Lib_System.c, 102 :: 		
0xBFC00070	0x7F7E4984  INS	R30, R27, 6, 4
;__Lib_System.c, 103 :: 		
0xBFC00074	0x409E6002  MTC0	R30, 12, 2
;__Lib_System.c, 104 :: 		
0xBFC00078	0x41C10800  WRPGPR	GP, GP
;__Lib_System.c, 105 :: 		
0xBFC0007C	0x409C6002  MTC0	R28, 12, 2
;__Lib_System.c, 111 :: 		
0xBFC00080	0x3C02A421  LUI	R2, 42017
0xBFC00084	0x34420583  ORI	R2, R2, 1411
0xBFC00088	0x0040F00A  MOVZ	R30, R2, R0
0xBFC0008C	0x409E8000  MTC0	R30, 16, 0
;__Lib_System.c, 114 :: 		
0xBFC00090	0x0000100A  MOVZ	R2, R0, R0
0xBFC00094	0x0040F00A  MOVZ	R30, R2, R0
0xBFC00098	0x409E4800  MTC0	R30, 9, 0
;__Lib_System.c, 117 :: 		
0xBFC0009C	0x3C02FFFF  LUI	R2, 65535
0xBFC000A0	0x3442FFFF  ORI	R2, R2, 65535
0xBFC000A4	0x0040F00A  MOVZ	R30, R2, R0
0xBFC000A8	0x409E5800  MTC0	R30, 11, 0
;__Lib_System.c, 119 :: 		
0xBFC000AC	0x3C029FC0  LUI	R2, 40896
0xBFC000B0	0x34421000  ORI	R2, R2, 4096
0xBFC000B4	0x0040F00A  MOVZ	R30, R2, R0
0xBFC000B8	0x409E7801  MTC0	R30, 15, 1
;__Lib_System.c, 121 :: 		
0xBFC000BC	0x34020020  ORI	R2, R0, 32
0xBFC000C0	0x0040F00A  MOVZ	R30, R2, R0
0xBFC000C4	0x409E6001  MTC0	R30, 12, 1
;__Lib_System.c, 123 :: 		
0xBFC000C8	0x3C020400  LUI	R2, 1024
0xBFC000CC	0x0040F00A  MOVZ	R30, R2, R0
0xBFC000D0	0x409E6002  MTC0	R30, 12, 2
;__Lib_System.c, 124 :: 		
0xBFC000D4	0x0000100A  MOVZ	R2, R0, R0
0xBFC000D8	0x0040F00A  MOVZ	R30, R2, R0
0xBFC000DC	0x409E6003  MTC0	R30, 12, 3
;__Lib_System.c, 129 :: 		
0xBFC000E0	0x3C020010  LUI	R2, 16
0xBFC000E4	0x0040F00A  MOVZ	R30, R2, R0
0xBFC000E8	0x409E6000  MTC0	R30, 12, 0
;__Lib_System.c, 132 :: 		
0xBFC000EC	0x34020032  ORI	R2, R0, 50
0xBFC000F0	0x3C1EBF88  LUI	R30, 49032
0xBFC000F4	0xAFC24000  SW	R2, 16384(R30)
;__Lib_System.c, 137 :: 		
0xBFC000F8	0x34021000  ORI	R2, R0, 4096
0xBFC000FC	0x3C1EBF88  LUI	R30, 49032
0xBFC00100	0xAFC21000  SW	R2, 4096(R30)
;__Lib_System.c, 143 :: 		
0xBFC00104	0x3C020080  LUI	R2, 128
0xBFC00108	0x0040F00A  MOVZ	R30, R2, R0
0xBFC0010C	0x409E6800  MTC0	R30, 13, 0
;__Lib_System.c, 149 :: 		
0xBFC00110	0x3C1E9D00  LUI	R30, hi_addr(_main+0)
;__Lib_System.c, 150 :: 		
0xBFC00114	0x37DE0AC8  ORI	R30, R30, lo_addr(_main+0)
;__Lib_System.c, 152 :: 		
0xBFC00118	0x03C00008  JR	R30
;__Lib_System.c, 153 :: 		
0xBFC0011C	0x70000000  NOP	
;__Lib_System.c, 155 :: 		
L_end___BootStartUp:
0xBFC00120	0x03E00008  JR	RA
0xBFC00124	0x27BD0004  ADDIU	SP, SP, 4
; end of ___BootStartUp
___BootGenExcept:
;__Lib_System.c, 56 :: 		
0x9D000B2C	0x27BDFFFC  ADDIU	SP, SP, -4
;__Lib_System.c, 57 :: 		
L___BootGenExcept6:
;__Lib_System.c, 58 :: 		
0x9D000B30	0x0B4002CC  J	L___BootGenExcept6
0x9D000B34	0x70000000  NOP	
;__Lib_System.c, 59 :: 		
L_end___BootGenExcept:
0x9D000B38	0x27BD0004  ADDIU	SP, SP, 4
0x9D000B3C	0x42000018  ERET	
0x9D000B40	0x70000000  NOP	
; end of ___BootGenExcept
___GenExcept:
;__Lib_System.c, 61 :: 		
0x9D000AB0	0x27BDFFFC  ADDIU	SP, SP, -4
;__Lib_System.c, 62 :: 		
L___GenExcept8:
;__Lib_System.c, 63 :: 		
0x9D000AB4	0x0B4002AD  J	L___GenExcept8
0x9D000AB8	0x70000000  NOP	
;__Lib_System.c, 64 :: 		
L_end___GenExcept:
0x9D000ABC	0x27BD0004  ADDIU	SP, SP, 4
0x9D000AC0	0x42000018  ERET	
0x9D000AC4	0x70000000  NOP	
; end of ___GenExcept
_ADC_complete:
;ultrazvuk+gtqph3inputs.c, 101 :: 		void ADC_complete() iv IVT_ADC ilevel 7 ics ICS_SRS {
0x9D0006E0	0x415DE800  RDPGPR	SP, SP
0x9D0006E4	0x27BDFFF8  ADDIU	SP, SP, -8
0x9D0006E8	0x401E7000  MFC0	R30, 14, 0
0x9D0006EC	0xAFBE0004  SW	R30, 4(SP)
0x9D0006F0	0x401E6000  MFC0	R30, 12, 0
0x9D0006F4	0xAFBE0000  SW	R30, 0(SP)
0x9D0006F8	0x7C1E7844  INS	R30, R0, 1, 15
0x9D0006FC	0x341E1C00  ORI	R30, R0, 7168
0x9D000700	0x409E6000  MTC0	R30, 12, 0
;ultrazvuk+gtqph3inputs.c, 102 :: 		AD1IF_bit=0;                    //Reset interrupt flag
0x9D000704	0x34020002  ORI	R2, R0, 0x0002
0x9D000708	0x3C1EBF88  LUI	R30, 49032
0x9D00070C	0xA3C21044  SB	R2, 4164(R30)
;ultrazvuk+gtqph3inputs.c, 103 :: 		if(current+15<SAMPLE_COUNT){    //Copy data
0x9D000710	0x9422FD02  LHU	R2, Offset(_current+0)(GP)
0x9D000714	0x2442000F  ADDIU	R2, R2, 15
0x9D000718	0x3042FFFF  ANDI	R2, R2, 65535
0x9D00071C	0x2C423E80  SLTIU	R2, R2, 16000
0x9D000720	0x104000B2  BEQ	R2, R0, L_ADC_complete2
0x9D000724	0x70000000  NOP	
L__ADC_complete17:
;ultrazvuk+gtqph3inputs.c, 104 :: 		Measurements[current] = ADC1BUF0;
0x9D000728	0x9422FD02  LHU	R2, Offset(_current+0)(GP)
0x9D00072C	0x00021840  SLL	R3, R2, 1
0x9D000730	0x3C02A000  LUI	R2, hi_addr(_Measurements+0)
0x9D000734	0x34420000  ORI	R2, R2, lo_addr(_Measurements+0)
0x9D000738	0x00431821  ADDU	R3, R2, R3
0x9D00073C	0x3C1EBF81  LUI	R30, 49025
0x9D000740	0x8FC29070  LW	R2, -28560(R30)
0x9D000744	0xA4620000  SH	R2, 0(R3)
;ultrazvuk+gtqph3inputs.c, 105 :: 		current++;
0x9D000748	0x9422FD02  LHU	R2, Offset(_current+0)(GP)
0x9D00074C	0x24420001  ADDIU	R2, R2, 1
0x9D000750	0xA422FD02  SH	R2, Offset(_current+0)(GP)
;ultrazvuk+gtqph3inputs.c, 106 :: 		Measurements[current] = ADC1BUF1;
0x9D000754	0x3042FFFF  ANDI	R2, R2, 65535
0x9D000758	0x00021840  SLL	R3, R2, 1
0x9D00075C	0x3C02A000  LUI	R2, hi_addr(_Measurements+0)
0x9D000760	0x34420000  ORI	R2, R2, lo_addr(_Measurements+0)
0x9D000764	0x00431821  ADDU	R3, R2, R3
0x9D000768	0x3C1EBF81  LUI	R30, 49025
0x9D00076C	0x8FC29080  LW	R2, -28544(R30)
0x9D000770	0xA4620000  SH	R2, 0(R3)
;ultrazvuk+gtqph3inputs.c, 107 :: 		current++;
0x9D000774	0x9422FD02  LHU	R2, Offset(_current+0)(GP)
0x9D000778	0x24420001  ADDIU	R2, R2, 1
0x9D00077C	0xA422FD02  SH	R2, Offset(_current+0)(GP)
;ultrazvuk+gtqph3inputs.c, 108 :: 		Measurements[current] = ADC1BUF2;
0x9D000780	0x3042FFFF  ANDI	R2, R2, 65535
0x9D000784	0x00021840  SLL	R3, R2, 1
0x9D000788	0x3C02A000  LUI	R2, hi_addr(_Measurements+0)
0x9D00078C	0x34420000  ORI	R2, R2, lo_addr(_Measurements+0)
0x9D000790	0x00431821  ADDU	R3, R2, R3
0x9D000794	0x3C1EBF81  LUI	R30, 49025
0x9D000798	0x8FC29090  LW	R2, -28528(R30)
0x9D00079C	0xA4620000  SH	R2, 0(R3)
;ultrazvuk+gtqph3inputs.c, 109 :: 		current++;
0x9D0007A0	0x9422FD02  LHU	R2, Offset(_current+0)(GP)
0x9D0007A4	0x24420001  ADDIU	R2, R2, 1
0x9D0007A8	0xA422FD02  SH	R2, Offset(_current+0)(GP)
;ultrazvuk+gtqph3inputs.c, 110 :: 		Measurements[current] = ADC1BUF3;
0x9D0007AC	0x3042FFFF  ANDI	R2, R2, 65535
0x9D0007B0	0x00021840  SLL	R3, R2, 1
0x9D0007B4	0x3C02A000  LUI	R2, hi_addr(_Measurements+0)
0x9D0007B8	0x34420000  ORI	R2, R2, lo_addr(_Measurements+0)
0x9D0007BC	0x00431821  ADDU	R3, R2, R3
0x9D0007C0	0x3C1EBF81  LUI	R30, 49025
0x9D0007C4	0x8FC290A0  LW	R2, -28512(R30)
0x9D0007C8	0xA4620000  SH	R2, 0(R3)
;ultrazvuk+gtqph3inputs.c, 111 :: 		current++;
0x9D0007CC	0x9422FD02  LHU	R2, Offset(_current+0)(GP)
0x9D0007D0	0x24420001  ADDIU	R2, R2, 1
0x9D0007D4	0xA422FD02  SH	R2, Offset(_current+0)(GP)
;ultrazvuk+gtqph3inputs.c, 112 :: 		Measurements[current] = ADC1BUF4;
0x9D0007D8	0x3042FFFF  ANDI	R2, R2, 65535
0x9D0007DC	0x00021840  SLL	R3, R2, 1
0x9D0007E0	0x3C02A000  LUI	R2, hi_addr(_Measurements+0)
0x9D0007E4	0x34420000  ORI	R2, R2, lo_addr(_Measurements+0)
0x9D0007E8	0x00431821  ADDU	R3, R2, R3
0x9D0007EC	0x3C1EBF81  LUI	R30, 49025
0x9D0007F0	0x8FC290B0  LW	R2, -28496(R30)
0x9D0007F4	0xA4620000  SH	R2, 0(R3)
;ultrazvuk+gtqph3inputs.c, 113 :: 		current++;
0x9D0007F8	0x9422FD02  LHU	R2, Offset(_current+0)(GP)
0x9D0007FC	0x24420001  ADDIU	R2, R2, 1
0x9D000800	0xA422FD02  SH	R2, Offset(_current+0)(GP)
;ultrazvuk+gtqph3inputs.c, 114 :: 		Measurements[current] = ADC1BUF5;
0x9D000804	0x3042FFFF  ANDI	R2, R2, 65535
0x9D000808	0x00021840  SLL	R3, R2, 1
0x9D00080C	0x3C02A000  LUI	R2, hi_addr(_Measurements+0)
0x9D000810	0x34420000  ORI	R2, R2, lo_addr(_Measurements+0)
0x9D000814	0x00431821  ADDU	R3, R2, R3
0x9D000818	0x3C1EBF81  LUI	R30, 49025
0x9D00081C	0x8FC290C0  LW	R2, -28480(R30)
0x9D000820	0xA4620000  SH	R2, 0(R3)
;ultrazvuk+gtqph3inputs.c, 115 :: 		current++;
0x9D000824	0x9422FD02  LHU	R2, Offset(_current+0)(GP)
0x9D000828	0x24420001  ADDIU	R2, R2, 1
0x9D00082C	0xA422FD02  SH	R2, Offset(_current+0)(GP)
;ultrazvuk+gtqph3inputs.c, 116 :: 		Measurements[current] = ADC1BUF6;
0x9D000830	0x3042FFFF  ANDI	R2, R2, 65535
0x9D000834	0x00021840  SLL	R3, R2, 1
0x9D000838	0x3C02A000  LUI	R2, hi_addr(_Measurements+0)
0x9D00083C	0x34420000  ORI	R2, R2, lo_addr(_Measurements+0)
0x9D000840	0x00431821  ADDU	R3, R2, R3
0x9D000844	0x3C1EBF81  LUI	R30, 49025
0x9D000848	0x8FC290D0  LW	R2, -28464(R30)
0x9D00084C	0xA4620000  SH	R2, 0(R3)
;ultrazvuk+gtqph3inputs.c, 117 :: 		current++;
0x9D000850	0x9422FD02  LHU	R2, Offset(_current+0)(GP)
0x9D000854	0x24420001  ADDIU	R2, R2, 1
0x9D000858	0xA422FD02  SH	R2, Offset(_current+0)(GP)
;ultrazvuk+gtqph3inputs.c, 118 :: 		Measurements[current] = ADC1BUF7;
0x9D00085C	0x3042FFFF  ANDI	R2, R2, 65535
0x9D000860	0x00021840  SLL	R3, R2, 1
0x9D000864	0x3C02A000  LUI	R2, hi_addr(_Measurements+0)
0x9D000868	0x34420000  ORI	R2, R2, lo_addr(_Measurements+0)
0x9D00086C	0x00431821  ADDU	R3, R2, R3
0x9D000870	0x3C1EBF81  LUI	R30, 49025
0x9D000874	0x8FC290E0  LW	R2, -28448(R30)
0x9D000878	0xA4620000  SH	R2, 0(R3)
;ultrazvuk+gtqph3inputs.c, 119 :: 		current++;
0x9D00087C	0x9422FD02  LHU	R2, Offset(_current+0)(GP)
0x9D000880	0x24420001  ADDIU	R2, R2, 1
0x9D000884	0xA422FD02  SH	R2, Offset(_current+0)(GP)
;ultrazvuk+gtqph3inputs.c, 120 :: 		Measurements[current] = ADC1BUF8;
0x9D000888	0x3042FFFF  ANDI	R2, R2, 65535
0x9D00088C	0x00021840  SLL	R3, R2, 1
0x9D000890	0x3C02A000  LUI	R2, hi_addr(_Measurements+0)
0x9D000894	0x34420000  ORI	R2, R2, lo_addr(_Measurements+0)
0x9D000898	0x00431821  ADDU	R3, R2, R3
0x9D00089C	0x3C1EBF81  LUI	R30, 49025
0x9D0008A0	0x8FC290F0  LW	R2, -28432(R30)
0x9D0008A4	0xA4620000  SH	R2, 0(R3)
;ultrazvuk+gtqph3inputs.c, 121 :: 		current++;
0x9D0008A8	0x9422FD02  LHU	R2, Offset(_current+0)(GP)
0x9D0008AC	0x24420001  ADDIU	R2, R2, 1
0x9D0008B0	0xA422FD02  SH	R2, Offset(_current+0)(GP)
;ultrazvuk+gtqph3inputs.c, 122 :: 		Measurements[current] = ADC1BUF9;
0x9D0008B4	0x3042FFFF  ANDI	R2, R2, 65535
0x9D0008B8	0x00021840  SLL	R3, R2, 1
0x9D0008BC	0x3C02A000  LUI	R2, hi_addr(_Measurements+0)
0x9D0008C0	0x34420000  ORI	R2, R2, lo_addr(_Measurements+0)
0x9D0008C4	0x00431821  ADDU	R3, R2, R3
0x9D0008C8	0x3C1EBF81  LUI	R30, 49025
0x9D0008CC	0x8FC29100  LW	R2, -28416(R30)
0x9D0008D0	0xA4620000  SH	R2, 0(R3)
;ultrazvuk+gtqph3inputs.c, 123 :: 		current++;
0x9D0008D4	0x9422FD02  LHU	R2, Offset(_current+0)(GP)
0x9D0008D8	0x24420001  ADDIU	R2, R2, 1
0x9D0008DC	0xA422FD02  SH	R2, Offset(_current+0)(GP)
;ultrazvuk+gtqph3inputs.c, 124 :: 		Measurements[current] = ADC1BUFA;
0x9D0008E0	0x3042FFFF  ANDI	R2, R2, 65535
0x9D0008E4	0x00021840  SLL	R3, R2, 1
0x9D0008E8	0x3C02A000  LUI	R2, hi_addr(_Measurements+0)
0x9D0008EC	0x34420000  ORI	R2, R2, lo_addr(_Measurements+0)
0x9D0008F0	0x00431821  ADDU	R3, R2, R3
0x9D0008F4	0x3C1EBF81  LUI	R30, 49025
0x9D0008F8	0x8FC29110  LW	R2, -28400(R30)
0x9D0008FC	0xA4620000  SH	R2, 0(R3)
;ultrazvuk+gtqph3inputs.c, 125 :: 		current++;
0x9D000900	0x9422FD02  LHU	R2, Offset(_current+0)(GP)
0x9D000904	0x24420001  ADDIU	R2, R2, 1
0x9D000908	0xA422FD02  SH	R2, Offset(_current+0)(GP)
;ultrazvuk+gtqph3inputs.c, 126 :: 		Measurements[current] = ADC1BUFB;
0x9D00090C	0x3042FFFF  ANDI	R2, R2, 65535
0x9D000910	0x00021840  SLL	R3, R2, 1
0x9D000914	0x3C02A000  LUI	R2, hi_addr(_Measurements+0)
0x9D000918	0x34420000  ORI	R2, R2, lo_addr(_Measurements+0)
0x9D00091C	0x00431821  ADDU	R3, R2, R3
0x9D000920	0x3C1EBF81  LUI	R30, 49025
0x9D000924	0x8FC29120  LW	R2, -28384(R30)
0x9D000928	0xA4620000  SH	R2, 0(R3)
;ultrazvuk+gtqph3inputs.c, 127 :: 		current++;
0x9D00092C	0x9422FD02  LHU	R2, Offset(_current+0)(GP)
0x9D000930	0x24420001  ADDIU	R2, R2, 1
0x9D000934	0xA422FD02  SH	R2, Offset(_current+0)(GP)
;ultrazvuk+gtqph3inputs.c, 128 :: 		Measurements[current] = ADC1BUFC;
0x9D000938	0x3042FFFF  ANDI	R2, R2, 65535
0x9D00093C	0x00021840  SLL	R3, R2, 1
0x9D000940	0x3C02A000  LUI	R2, hi_addr(_Measurements+0)
0x9D000944	0x34420000  ORI	R2, R2, lo_addr(_Measurements+0)
0x9D000948	0x00431821  ADDU	R3, R2, R3
0x9D00094C	0x3C1EBF81  LUI	R30, 49025
0x9D000950	0x8FC29130  LW	R2, -28368(R30)
0x9D000954	0xA4620000  SH	R2, 0(R3)
;ultrazvuk+gtqph3inputs.c, 129 :: 		current++;
0x9D000958	0x9422FD02  LHU	R2, Offset(_current+0)(GP)
0x9D00095C	0x24420001  ADDIU	R2, R2, 1
0x9D000960	0xA422FD02  SH	R2, Offset(_current+0)(GP)
;ultrazvuk+gtqph3inputs.c, 130 :: 		Measurements[current] = ADC1BUFD;
0x9D000964	0x3042FFFF  ANDI	R2, R2, 65535
0x9D000968	0x00021840  SLL	R3, R2, 1
0x9D00096C	0x3C02A000  LUI	R2, hi_addr(_Measurements+0)
0x9D000970	0x34420000  ORI	R2, R2, lo_addr(_Measurements+0)
0x9D000974	0x00431821  ADDU	R3, R2, R3
0x9D000978	0x3C1EBF81  LUI	R30, 49025
0x9D00097C	0x8FC29140  LW	R2, -28352(R30)
0x9D000980	0xA4620000  SH	R2, 0(R3)
;ultrazvuk+gtqph3inputs.c, 131 :: 		current++;
0x9D000984	0x9422FD02  LHU	R2, Offset(_current+0)(GP)
0x9D000988	0x24420001  ADDIU	R2, R2, 1
0x9D00098C	0xA422FD02  SH	R2, Offset(_current+0)(GP)
;ultrazvuk+gtqph3inputs.c, 132 :: 		Measurements[current] = ADC1BUFE;
0x9D000990	0x3042FFFF  ANDI	R2, R2, 65535
0x9D000994	0x00021840  SLL	R3, R2, 1
0x9D000998	0x3C02A000  LUI	R2, hi_addr(_Measurements+0)
0x9D00099C	0x34420000  ORI	R2, R2, lo_addr(_Measurements+0)
0x9D0009A0	0x00431821  ADDU	R3, R2, R3
0x9D0009A4	0x3C1EBF81  LUI	R30, 49025
0x9D0009A8	0x8FC29150  LW	R2, -28336(R30)
0x9D0009AC	0xA4620000  SH	R2, 0(R3)
;ultrazvuk+gtqph3inputs.c, 133 :: 		current++;
0x9D0009B0	0x9422FD02  LHU	R2, Offset(_current+0)(GP)
0x9D0009B4	0x24420001  ADDIU	R2, R2, 1
0x9D0009B8	0xA422FD02  SH	R2, Offset(_current+0)(GP)
;ultrazvuk+gtqph3inputs.c, 134 :: 		Measurements[current] = ADC1BUFF;
0x9D0009BC	0x3042FFFF  ANDI	R2, R2, 65535
0x9D0009C0	0x00021840  SLL	R3, R2, 1
0x9D0009C4	0x3C02A000  LUI	R2, hi_addr(_Measurements+0)
0x9D0009C8	0x34420000  ORI	R2, R2, lo_addr(_Measurements+0)
0x9D0009CC	0x00431821  ADDU	R3, R2, R3
0x9D0009D0	0x3C1EBF81  LUI	R30, 49025
0x9D0009D4	0x8FC29160  LW	R2, -28320(R30)
0x9D0009D8	0xA4620000  SH	R2, 0(R3)
;ultrazvuk+gtqph3inputs.c, 135 :: 		current++;
0x9D0009DC	0x9422FD02  LHU	R2, Offset(_current+0)(GP)
0x9D0009E0	0x24420001  ADDIU	R2, R2, 1
;ultrazvuk+gtqph3inputs.c, 136 :: 		} else {
0x9D0009E4	0x0B400280  J	L_ADC_complete3
0x9D0009E8	0xA422FD02  SH	R2, Offset(_current+0)(GP)
L_ADC_complete2:
;ultrazvuk+gtqph3inputs.c, 137 :: 		AD1CON1.B15=0;         //Turn A/D converter OFF
0x9D0009EC	0x34028000  ORI	R2, R0, 32768
0x9D0009F0	0x3C1EBF81  LUI	R30, 49025
0x9D0009F4	0xAFC29004  SW	R2, -28668(R30)
;ultrazvuk+gtqph3inputs.c, 138 :: 		ADC_done=1;
0x9D0009F8	0x34020001  ORI	R2, R0, 1
0x9D0009FC	0xA022FD00  SB	R2, Offset(_ADC_Done+0)(GP)
;ultrazvuk+gtqph3inputs.c, 139 :: 		}
L_ADC_complete3:
;ultrazvuk+gtqph3inputs.c, 140 :: 		}
L_end_ADC_complete:
0x9D000A00	0x8FBE0004  LW	R30, 4(SP)
0x9D000A04	0x409E7000  MTC0	R30, 14, 0
0x9D000A08	0x8FBE0000  LW	R30, 0(SP)
0x9D000A0C	0x409E6000  MTC0	R30, 12, 0
0x9D000A10	0x27BD0008  ADDIU	SP, SP, 8
0x9D000A14	0x41DDE800  WRPGPR	SP, SP
0x9D000A18	0x42000018  ERET	
; end of _ADC_complete
_Timer1Interrupt:
;ultrazvuk+gtqph3inputs.c, 96 :: 		void Timer1Interrupt() iv IVT_TIMER_1 ilevel 7 ics ICS_SRS {
0x9D000A1C	0x415DE800  RDPGPR	SP, SP
0x9D000A20	0x27BDFFF8  ADDIU	SP, SP, -8
0x9D000A24	0x401E7000  MFC0	R30, 14, 0
0x9D000A28	0xAFBE0004  SW	R30, 4(SP)
0x9D000A2C	0x401E6000  MFC0	R30, 12, 0
0x9D000A30	0xAFBE0000  SW	R30, 0(SP)
0x9D000A34	0x7C1E7844  INS	R30, R0, 1, 15
0x9D000A38	0x341E1C00  ORI	R30, R0, 7168
0x9D000A3C	0x409E6000  MTC0	R30, 12, 0
;ultrazvuk+gtqph3inputs.c, 97 :: 		T1IF_bit         = 0;
0x9D000A40	0x34020010  ORI	R2, R0, 0x0010
0x9D000A44	0x3C1EBF88  LUI	R30, 49032
0x9D000A48	0xA3C21034  SB	R2, 4148(R30)
;ultrazvuk+gtqph3inputs.c, 98 :: 		LATA2_bit = ~LATA2_bit;
0x9D000A4C	0x3C1EBF88  LUI	R30, 49032
0x9D000A50	0x83C26020  LB	R2, 24608(R30)
0x9D000A54	0x7C420080  EXT	R2, R2, 2, 1
0x9D000A58	0x38430001  XORI	R3, R2, 1
0x9D000A5C	0x3C1EBF88  LUI	R30, 49032
0x9D000A60	0x83C26020  LB	R2, 24608(R30)
0x9D000A64	0x7C621084  INS	R2, R3, 2, 1
0x9D000A68	0x3C1EBF88  LUI	R30, 49032
0x9D000A6C	0xA3C26020  SB	R2, 24608(R30)
;ultrazvuk+gtqph3inputs.c, 99 :: 		LATA3_bit = ~LATA3_bit;
0x9D000A70	0x3C1EBF88  LUI	R30, 49032
0x9D000A74	0x83C26020  LB	R2, 24608(R30)
0x9D000A78	0x7C4200C0  EXT	R2, R2, 3, 1
0x9D000A7C	0x38430001  XORI	R3, R2, 1
0x9D000A80	0x3C1EBF88  LUI	R30, 49032
0x9D000A84	0x83C26020  LB	R2, 24608(R30)
0x9D000A88	0x7C6218C4  INS	R2, R3, 3, 1
0x9D000A8C	0x3C1EBF88  LUI	R30, 49032
0x9D000A90	0xA3C26020  SB	R2, 24608(R30)
;ultrazvuk+gtqph3inputs.c, 100 :: 		}
L_end_Timer1Interrupt:
0x9D000A94	0x8FBE0004  LW	R30, 4(SP)
0x9D000A98	0x409E7000  MTC0	R30, 14, 0
0x9D000A9C	0x8FBE0000  LW	R30, 0(SP)
0x9D000AA0	0x409E6000  MTC0	R30, 12, 0
0x9D000AA4	0x27BD0008  ADDIU	SP, SP, 8
0x9D000AA8	0x41DDE800  WRPGPR	SP, SP
0x9D000AAC	0x42000018  ERET	
; end of _Timer1Interrupt
Symbol List:
//** Routines locations **
//ADDRESS    SIZE    PROCEDURE
//----------------------------------------------
0x9D000000      [16]    _Get_Fosc_kHz
0x9D000010     [156]    _WordToStr
0x9D0000AC     [116]    __Lib_UART_12_UART_Calc_BRG
0x9D000120      [52]    _UART2_Write
0x9D000154     [232]    _UART2_Init
0x9D00023C      [88]    _UART2_Write_Text
0x9D000294     [228]    _IntToStr
0x9D000378     [200]    _SendData
0x9D000440      [32]    ___CC2DW
0x9D000460      [40]    _InitTimer3
0x9D000488     [100]    _InitTimer1
0x9D0004EC     [412]    _InitADC
0x9D000688      [48]    _SampleADC
0x9D0006B8      [40]    _InitDataSend
0x9D0006E0     [828]    _ADC_complete
0x9D000A1C     [148]    _Timer1Interrupt
0x9D000AB0      [24]    ___GenExcept
0x9D000AC8     [100]    _main
0x9D000B2C      [24]    ___BootGenExcept
0xBFC00000     [296]    ___BootStartUp
//** Variables locations ** 
//ADDRESS    SIZE    VARIABLE
//----------------------------------------------
0xA0000000   [32000]    _Measurements
0xA0007D00       [1]    _ADC_Done
0xA0007D02       [2]    _current
0xA0007D04       [4]    _UART_Rd_Ptr
0xA0007D08       [4]    _UART_Tx_Idle_Ptr
0xA0007D0C       [4]    _UART_Rdy_Ptr
0xA0007D10       [4]    _UART_Wr_Ptr
